#
# There is insufficient memory for the Java Runtime Environment to continue.
# Native memory allocation (malloc) failed to allocate 51696 bytes for Chunk::new
# Possible reasons:
#   The system is out of physical RAM or swap space
#   In 32 bit mode, the process size limit was hit
# Possible solutions:
#   Reduce memory load on the system
#   Increase physical memory or swap space
#   Check if swap backing store is full
#   Use 64 bit Java on a 64 bit OS
#   Decrease Java heap size (-Xmx/-Xms)
#   Decrease number of Java threads
#   Decrease Java thread stack sizes (-Xss)
#   Set larger code cache with -XX:ReservedCodeCacheSize=
# This output file may be truncated or incomplete.
#
#  Out of Memory Error (allocation.cpp:390), pid=10304, tid=0x0000000000001ce4
#
# JRE version: OpenJDK Runtime Environment (8.0_112-b06) (build 1.8.0_112-release-b06)
# Java VM: OpenJDK 64-Bit Server VM (25.112-b06 mixed mode windows-amd64 compressed oops)
# Failed to write core dump. Minidumps are not enabled by default on client versions of Windows
#

---------------  T H R E A D  ---------------

Current thread (0x0000000056830800):  JavaThread "C2 CompilerThread0" daemon [_thread_in_native, id=7396, stack(0x0000000056d70000,0x0000000056e70000)]

Stack: [0x0000000056d70000,0x0000000056e70000]
[error occurred during error reporting (printing stack bounds), id 0xc0000005]

Native frames: (J=compiled Java code, j=interpreted, Vv=VM code, C=native code)


Current CompileTask:
C2:    711  262       4       java.lang.String::equals (81 bytes)


---------------  P R O C E S S  ---------------

Java Threads: ( => current thread )
  0x000000005534e800 JavaThread "Service Thread" daemon [_thread_blocked, id=2208, stack(0x0000000057220000,0x0000000057320000)]
  0x000000005534b000 JavaThread "C1 CompilerThread2" daemon [_thread_blocked, id=7760, stack(0x0000000056250000,0x0000000056350000)]
  0x0000000056833000 JavaThread "C2 CompilerThread1" daemon [_thread_blocked, id=8600, stack(0x0000000056fc0000,0x00000000570c0000)]
=>0x0000000056830800 JavaThread "C2 CompilerThread0" daemon [_thread_in_native, id=7396, stack(0x0000000056d70000,0x0000000056e70000)]
  0x000000005681c800 JavaThread "Attach Listener" daemon [_thread_blocked, id=8968, stack(0x0000000056e70000,0x0000000056f70000)]
  0x000000005533d800 JavaThread "Signal Dispatcher" daemon [_thread_blocked, id=6236, stack(0x0000000056c20000,0x0000000056d20000)]
  0x0000000055327000 JavaThread "Finalizer" daemon [_thread_blocked, id=7564, stack(0x0000000056710000,0x0000000056810000)]
  0x00000000552e0000 JavaThread "Reference Handler" daemon [_thread_blocked, id=8488, stack(0x00000000564c0000,0x00000000565c0000)]
  0x00000000002fe800 JavaThread "main" [_thread_blocked, id=960, stack(0x00000000028c0000,0x00000000029c0000)]

Other Threads:
  0x00000000552d8800 VMThread [stack: 0x0000000056350000,0x0000000056450000] [id=8024]
  0x00000000568c7000 WatcherThread [stack: 0x00000000565c0000,0x00000000566c0000] [id=7188]

VM state:not at safepoint (normal execution)

VM Mutex/Monitor currently owned by a thread:  ([mutex/lock_event])
[0x00000000002fc990] Compile_lock - owner thread: 0x00000000002fe800

Heap:
 PSYoungGen      total 37888K, used 9877K [0x00000000eab00000, 0x00000000ed500000, 0x0000000100000000)
  eden space 32768K, 30% used [0x00000000eab00000,0x00000000eb4a54c8,0x00000000ecb00000)
  from space 5120K, 0% used [0x00000000ed000000,0x00000000ed000000,0x00000000ed500000)
  to   space 5120K, 0% used [0x00000000ecb00000,0x00000000ecb00000,0x00000000ed000000)
 ParOldGen       total 86016K, used 0K [0x00000000c0000000, 0x00000000c5400000, 0x00000000eab00000)
  object space 86016K, 0% used [0x00000000c0000000,0x00000000c0000000,0x00000000c5400000)
 Metaspace       used 5471K, capacity 6448K, committed 6528K, reserved 1056768K
  class space    used 594K, capacity 616K, committed 640K, reserved 1048576K

Card table byte_map: [0x0000000011d80000,0x0000000011f90000] byte_map_base: 0x0000000011780000

Marking Bits: (ParMarkBitMap*) 0x000000005a1d18f0
 Begin Bits: [0x0000000012750000, 0x0000000013750000)
 End Bits:   [0x0000000013750000, 0x0000000014750000)

Polling page: 0x0000000000130000

CodeCache: size=245760Kb used=1576Kb max_used=1576Kb free=244183Kb
 bounds [0x00000000029c0000, 0x0000000002c30000, 0x00000000119c0000]
 total_blobs=534 nmethods=263 adapters=185
 compilation: enabled

Compilation events (10 events):
Event: 0.690 Thread 0x000000005534b000  258       3       java.lang.CharacterDataLatin1::toUpperCaseEx (71 bytes)
Event: 0.690 Thread 0x000000005534b000 nmethod 258 0x0000000002b49c50 code [0x0000000002b49dc0, 0x0000000002b4a070]
Event: 0.690 Thread 0x000000005534b000  260       1       sun.util.locale.BaseLocale::getLanguage (5 bytes)
Event: 0.690 Thread 0x000000005534b000 nmethod 260 0x0000000002b4a1d0 code [0x0000000002b4a320, 0x0000000002b4a430]
Event: 0.690 Thread 0x000000005534b000  259       1       java.util.LinkedHashMap::removeEldestEntry (2 bytes)
Event: 0.690 Thread 0x000000005534b000 nmethod 259 0x0000000002b4a490 code [0x0000000002b4a5e0, 0x0000000002b4a6f0]
Event: 0.690 Thread 0x000000005534b000  263       1       java.util.HashMap$Node::getValue (5 bytes)
Event: 0.690 Thread 0x000000005534b000 nmethod 263 0x0000000002b4a750 code [0x0000000002b4a8a0, 0x0000000002b4a9b0]
Event: 0.693 Thread 0x000000005534b000  264       3       java.lang.StringBuffer::<init> (6 bytes)
Event: 0.693 Thread 0x000000005534b000 nmethod 264 0x0000000002b4aa10 code [0x0000000002b4ab80, 0x0000000002b4ae30]

GC Heap History (0 events):
No events

Deoptimization events (1 events):
Event: 0.400 Thread 0x00000000569dc000 Uncommon trap: reason=unstable_if action=reinterpret pc=0x0000000002afbbc4 method=java.lang.String.indexOf(II)I @ 49

Internal exceptions (2 events):
Event: 0.047 Thread 0x00000000002fe800 Exception <a 'java/lang/NoSuchMethodError': Method sun.misc.Unsafe.defineClass(Ljava/lang/String;[BII)Ljava/lang/Class; name or signature does not match> (0x00000000eab07c78) thrown at [C:\src\android\AOSP-openjdk\external\jetbrains\jdk\hotspot\src\share\v”KcŠÙà§?
Event: 0.047 Thread 0x00000000002fe800 Exception <a 'java/lang/NoSuchMethodError': Method sun.misc.Unsafe.prefetchRead(Ljava/lang/Object;J)V name or signature does not match> (0x00000000eab07f60) thrown at [C:\src\android\AOSP-openjdk\external\jetbrains\jdk\hotspot\src\share\vm\prims\jni.cpp, l

Events (10 events):
Event: 0.693 loading class com/android/dex/Dex$MethodIdTable
Event: 0.693 loading class com/android/dex/Dex$MethodIdTable done
Event: 0.693 loading class com/android/dex/Dex$Section
Event: 0.693 loading class com/android/dex/Dex$Section done
Event: 0.694 loading class com/android/dex/util/ByteInput
Event: 0.694 loading class com/android/dex/util/ByteInput done
Event: 0.694 loading class java/io/UTFDataFormatException
Event: 0.694 loading class java/io/UTFDataFormatException done
Event: 0.694 Executing VM operation: Deoptimize
Event: 0.694 Executing VM operation: Deoptimize done


Dynamic libraries:
0x000000013fbe0000 - 0x000000013fc11000 	E:\AndroidTools\as\jre\bin\java.exe
0x0000000077110000 - 0x00000000772ba000 	C:\Windows\SYSTEM32\ntdll.dll
0x0000000076a40000 - 0x0000000076b5f000 	C:\Windows\system32\kernel32.dll
0x000007fefd770000 - 0x000007fefd7da000 	C:\Windows\system32\KERNELBASE.dll
0x000007feff0b0000 - 0x000007feff18b000 	C:\Windows\system32\ADVAPI32.dll
0x000007fefe920000 - 0x000007fefe9bf000 	C:\Windows\system32\msvcrt.dll
0x000007fefe900000 - 0x000007fefe91f000 	C:\Windows\SYSTEM32\sechost.dll
0x000007fefebd0000 - 0x000007fefecfd000 	C:\Windows\system32\RPCRT4.dll
0x0000000076b60000 - 0x0000000076c5a000 	C:\Windows\system32\USER32.dll
0x000007feff190000 - 0x000007feff1f7000 	C:\Windows\system32\GDI32.dll
0x000007fefe9c0000 - 0x000007fefe9ce000 	C:\Windows\system32\LPK.dll
0x000007fefefe0000 - 0x000007feff0ab000 	C:\Windows\system32\USP10.dll
0x000007fefc2e0000 - 0x000007fefc4d4000 	C:\Windows\WinSxS\amd64_microsoft.windows.common-controls_6595b64144ccf1df_6.0.7601.18837_none_fa3b1e3d17594757\COMCTL32.dll
0x000007fefed70000 - 0x000007fefede1000 	C:\Windows\system32\SHLWAPI.dll
0x000007feff260000 - 0x000007feff28e000 	C:\Windows\system32\IMM32.DLL
0x000007feff290000 - 0x000007feff399000 	C:\Windows\system32\MSCTF.dll
0x0000000067380000 - 0x0000000067452000 	E:\AndroidTools\as\jre\jre\bin\msvcr100.dll
0x0000000059a10000 - 0x000000005a24c000 	E:\AndroidTools\as\jre\jre\bin\server\jvm.dll
0x000007fefaf60000 - 0x000007fefaf69000 	C:\Windows\system32\WSOCK32.dll
0x000007fefed00000 - 0x000007fefed4d000 	C:\Windows\system32\WS2_32.dll
0x000007fefefd0000 - 0x000007fefefd8000 	C:\Windows\system32\NSI.dll
0x000007fef88a0000 - 0x000007fef88db000 	C:\Windows\system32\WINMM.dll
0x000007fefc060000 - 0x000007fefc06c000 	C:\Windows\system32\VERSION.dll
0x00000000772e0000 - 0x00000000772e7000 	C:\Windows\system32\PSAPI.DLL
0x000007fefaf70000 - 0x000007fefaf7f000 	E:\AndroidTools\as\jre\jre\bin\verify.dll
0x000007fef9f80000 - 0x000007fef9fa9000 	E:\AndroidTools\as\jre\jre\bin\java.dll
0x000007fefaf30000 - 0x000007fefaf46000 	E:\AndroidTools\as\jre\jre\bin\zip.dll
0x000007fefd950000 - 0x000007fefe6db000 	C:\Windows\system32\SHELL32.dll
0x000007fefe9d0000 - 0x000007fefebcc000 	C:\Windows\system32\ole32.dll
0x000007fefd580000 - 0x000007fefd58f000 	C:\Windows\system32\profapi.dll

VM Arguments:
jvm_args: -Djava.awt.headless=true -Xmx1024M -Dfile.encoding=GBK -Duser.country=CN -Duser.language=zh -Duser.variant 
java_command: com.android.dx.command.Main --dex --num-threads=4 --output H:\github\small-video-record-master\small-video-record-master\HostTest\app\build\intermediates\pre-dexed\debug\com.android.support-support-v4-25.3.1_a0d0c3d21aea6526a8627c4c0e02c959abd0ea23.jar H:\github\small-video-record-master\small-video-record-master\HostTest\app\build\intermediates\exploded-aar\com.android.support\support-v4\25.3.1\jars\classes.jar
java_class_path (initial): E:\Android\sdk\build-tools\25.0.2\lib\dx.jar
Launcher Type: SUN_STANDARD

Environment Variables:
JAVA_HOME=C:\Program Files\Java\jdk1.8.0_91
CLASSPATH= .;C:\Program Files\Java\jdk1.8.0_91\lib;C:\Program Files\Java\jdk1.8.0_91\lib\tools.jar
PATH=C:\Windows\system32;C:\Windows;C:\Windows\System32\Wbem;C:\Windows\System32\WindowsPowerShell\v1.0\;C:\Program Files\Java\jdk1.8.0_91\bin;C:\Program Files\Java\jdk1.8.0_91\jre\bin;E:\soft\Ice-3.6.1\bin;E:\Program Files\TortoiseSVN\bin;e:\Git\cmd;C:\Users\Administrator\AppData\Local\Programs\Fiddler
USERNAME=Administrator
OS=Windows_NT
PROCESSOR_IDENTIFIER=Intel64 Family 6 Model 60 Stepping 3, GenuineIntel



---------------  S Y S T E M  ---------------

OS: Windows 7 , 64 bit Build 7601 (6.1.7601.23864)

CPU:total 4 (4 cores per cpu, 1 threads per core) family 6 model 60 stepping 3, cmov, cx8, fxsr, mmx, sse, sse2, sse3, ssse3, sse4.1, sse4.2, popcnt, avx, avx2, aes, clmul, erms, lzcnt, tsc, tscinvbit, bmi1, bmi2

Memory: 4k page, physical 8256552k(881344k free), swap 8254692k(4600k free)

vm_info: OpenJDK 64-Bit Server VM (25.112-b06) for windows-amd64 JRE (1.8.0_112-release-b06), built on Dec  8 2016 00:54:26 by "builder" with MS VC++ 10.0 (VS2010)

time: Tue Aug 15 16:21:19 2017
elapsed time: 0 seconds (0d 0h 0m 0s)

