#
# There is insufficient memory for the Java Runtime Environment to continue.
# Native memory allocation (malloc) failed to allocate 802416 bytes for Chunk::new
# Possible reasons:
#   The system is out of physical RAM or swap space
#   In 32 bit mode, the process size limit was hit
# Possible solutions:
#   Reduce memory load on the system
#   Increase physical memory or swap space
#   Check if swap backing store is full
#   Use 64 bit Java on a 64 bit OS
#   Decrease Java heap size (-Xmx/-Xms)
#   Decrease number of Java threads
#   Decrease Java thread stack sizes (-Xss)
#   Set larger code cache with -XX:ReservedCodeCacheSize=
# This output file may be truncated or incomplete.
#
#  Out of Memory Error (allocation.cpp:390), pid=6344, tid=0x000000000000280c
#
# JRE version: OpenJDK Runtime Environment (8.0_112-b06) (build 1.8.0_112-release-b06)
# Java VM: OpenJDK 64-Bit Server VM (25.112-b06 mixed mode windows-amd64 compressed oops)
# Failed to write core dump. Minidumps are not enabled by default on client versions of Windows
#

---------------  T H R E A D  ---------------

Current thread (0x000000005644c000):  JavaThread "C2 CompilerThread0" daemon [_thread_in_native, id=10252, stack(0x0000000056b30000,0x0000000056c30000)]

Stack: [0x0000000056b30000,0x0000000056c30000]
[error occurred during error reporting (printing stack bounds), id 0xc0000005]

Native frames: (J=compiled Java code, j=interpreted, Vv=VM code, C=native code)


Current CompileTask:
C2:   2086 1667   !   4       com.android.dx.cf.code.BytecodeArray::parseInstruction (2764 bytes)


---------------  P R O C E S S  ---------------

Java Threads: ( => current thread )
  0x000000005677d800 JavaThread "pool-1-thread-4" [_thread_blocked, id=10304, stack(0x0000000057ef0000,0x0000000057ff0000)]
  0x000000005677c800 JavaThread "pool-1-thread-3" [_thread_blocked, id=9084, stack(0x0000000057b10000,0x0000000057c10000)]
  0x000000005670c800 JavaThread "pool-1-thread-2" [_thread_blocked, id=8504, stack(0x0000000057c50000,0x0000000057d50000)]
  0x000000005670a000 JavaThread "pool-2-thread-1" [_thread_blocked, id=9876, stack(0x0000000057820000,0x0000000057920000)]
  0x0000000056707000 JavaThread "pool-1-thread-1" [_thread_blocked, id=8740, stack(0x00000000579a0000,0x0000000057aa0000)]
  0x000000005647c800 JavaThread "Service Thread" daemon [_thread_blocked, id=8180, stack(0x0000000056f20000,0x0000000057020000)]
  0x000000005645a000 JavaThread "C1 CompilerThread2" daemon [_thread_blocked, id=8552, stack(0x0000000056df0000,0x0000000056ef0000)]
  0x0000000056451800 JavaThread "C2 CompilerThread1" daemon [_thread_in_native, id=10584, stack(0x0000000056220000,0x0000000056320000)]
=>0x000000005644c000 JavaThread "C2 CompilerThread0" daemon [_thread_in_native, id=10252, stack(0x0000000056b30000,0x0000000056c30000)]
  0x000000005643a800 JavaThread "Attach Listener" daemon [_thread_blocked, id=7544, stack(0x00000000569f0000,0x0000000056af0000)]
  0x0000000054f6d800 JavaThread "Signal Dispatcher" daemon [_thread_blocked, id=11092, stack(0x00000000568f0000,0x00000000569f0000)]
  0x0000000054f51800 JavaThread "Finalizer" daemon [_thread_blocked, id=1252, stack(0x0000000055f90000,0x0000000056090000)]
  0x0000000054f10000 JavaThread "Reference Handler" daemon [_thread_blocked, id=7056, stack(0x0000000056330000,0x0000000056430000)]
  0x000000000248e800 JavaThread "main" [_thread_blocked, id=8760, stack(0x00000000027a0000,0x00000000028a0000)]

Other Threads:
  0x0000000054f08800 VMThread [stack: 0x00000000560e0000,0x00000000561e0000] [id=10416]
  0x0000000056480000 WatcherThread [stack: 0x0000000056c30000,0x0000000056d30000] [id=8932]

VM state:not at safepoint (normal execution)

VM Mutex/Monitor currently owned by a thread: None

Heap:
 PSYoungGen      total 70656K, used 8344K [0x00000000eab00000, 0x00000000f3500000, 0x0000000100000000)
  eden space 65536K, 4% used [0x00000000eab00000,0x00000000eae29430,0x00000000eeb00000)
  from space 5120K, 99% used [0x00000000eeb00000,0x00000000eeffce60,0x00000000ef000000)
  to   space 5120K, 0% used [0x00000000f3000000,0x00000000f3000000,0x00000000f3500000)
 ParOldGen       total 86016K, used 15434K [0x00000000c0000000, 0x00000000c5400000, 0x00000000eab00000)
  object space 86016K, 17% used [0x00000000c0000000,0x00000000c0f12a50,0x00000000c5400000)
 Metaspace       used 6119K, capacity 7152K, committed 7296K, reserved 1056768K
  class space    used 567K, capacity 616K, committed 640K, reserved 1048576K

Card table byte_map: [0x0000000011c60000,0x0000000011e70000] byte_map_base: 0x0000000011660000

Marking Bits: (ParMarkBitMap*) 0x00000000687218f0
 Begin Bits: [0x0000000012380000, 0x0000000013380000)
 End Bits:   [0x0000000013380000, 0x0000000014380000)

Polling page: 0x0000000001c60000

CodeCache: size=245760Kb used=6479Kb max_used=6496Kb free=239280Kb
 bounds [0x00000000028a0000, 0x0000000002f00000, 0x00000000118a0000]
 total_blobs=1911 nmethods=1646 adapters=178
 compilation: enabled

Compilation events (10 events):
Event: 1.976 Thread 0x000000005645a000 1668       1       com.android.dx.cf.code.ByteOps::opInfo (6 bytes)
Event: 1.976 Thread 0x000000005645a000 nmethod 1668 0x0000000002ee8990 code [0x0000000002ee8ae0, 0x0000000002ee8bf0]
Event: 2.024 Thread 0x000000005645a000 1669  s    2       com.android.dx.dex.file.StringIdsSection::intern (53 bytes)
Event: 2.024 Thread 0x000000005645a000 nmethod 1669 0x0000000002ef7bd0 code [0x0000000002ef7d80, 0x0000000002ef82b8]
Event: 2.025 Thread 0x000000005644c000 nmethod 1636 0x0000000002ef8610 code [0x0000000002ef88c0, 0x0000000002efa6b0]
Event: 2.025 Thread 0x000000005644c000 1667   !   4       com.android.dx.cf.code.BytecodeArray::parseInstruction (2764 bytes)
Event: 2.026 Thread 0x000000005645a000 1670       2       com.android.dx.util.ByteArray::getByte (14 bytes)
Event: 2.026 Thread 0x000000005645a000 nmethod 1670 0x0000000002ee8510 code [0x0000000002ee8680, 0x0000000002ee8848]
Event: 2.031 Thread 0x000000005645a000 1672       2       java.util.concurrent.ThreadPoolExecutor::workerCountOf (5 bytes)
Event: 2.031 Thread 0x000000005645a000 nmethod 1672 0x0000000002ee8210 code [0x0000000002ee8360, 0x0000000002ee8490]

GC Heap History (6 events):
Event: 1.034 GC heap before
{Heap before GC invocations=1 (full 0):
 PSYoungGen      total 37888K, used 32768K [0x00000000eab00000, 0x00000000ed500000, 0x0000000100000000)
  eden space 32768K, 100% used [0x00000000eab00000,0x00000000ecb00000,0x00000000ecb00000)
  from space 5120K, 0% used [0x00000000ed000000,0x00000000ed000000,0x00000000ed500000)
  to   space 5120K, 0% used [0x00000000ecb00000,0x00000000ecb00000,0x00000000ed000000)
 ParOldGen       total 86016K, used 0K [0x00000000c0000000, 0x00000000c5400000, 0x00000000eab00000)
  object space 86016K, 0% used [0x00000000c0000000,0x00000000c0000000,0x00000000c5400000)
 Metaspace       used 5789K, capacity 6832K, committed 7040K, reserved 1056768K
  class space    used 566K, capacity 616K, committed 640K, reserved 1048576K
Event: 1.081 GC heap after
Heap after GC invocations=1 (full 0):
 PSYoungGen      total 37888K, used 5118K [0x00000000eab00000, 0x00000000ef500000, 0x0000000100000000)
  eden space 32768K, 0% used [0x00000000eab00000,0x00000000eab00000,0x00000000ecb00000)
  from space 5120K, 99% used [0x00000000ecb00000,0x00000000ecfff9e0,0x00000000ed000000)
  to   space 5120K, 0% used [0x00000000ef000000,0x00000000ef000000,0x00000000ef500000)
 ParOldGen       total 86016K, used 1075K [0x00000000c0000000, 0x00000000c5400000, 0x00000000eab00000)
  object space 86016K, 1% used [0x00000000c0000000,0x00000000c010ce28,0x00000000c5400000)
 Metaspace       used 5789K, capacity 6832K, committed 7040K, reserved 1056768K
  class space    used 566K, capacity 616K, committed 640K, reserved 1048576K
}
Event: 1.410 GC heap before
{Heap before GC invocations=2 (full 0):
 PSYoungGen      total 37888K, used 37886K [0x00000000eab00000, 0x00000000ef500000, 0x0000000100000000)
  eden space 32768K, 100% used [0x00000000eab00000,0x00000000ecb00000,0x00000000ecb00000)
  from space 5120K, 99% used [0x00000000ecb00000,0x00000000ecfff9e0,0x00000000ed000000)
  to   space 5120K, 0% used [0x00000000ef000000,0x00000000ef000000,0x00000000ef500000)
 ParOldGen       total 86016K, used 1075K [0x00000000c0000000, 0x00000000c5400000, 0x00000000eab00000)
  object space 86016K, 1% used [0x00000000c0000000,0x00000000c010ce28,0x00000000c5400000)
 Metaspace       used 5975K, capacity 7024K, committed 7296K, reserved 1056768K
  class space    used 566K, capacity 616K, committed 640K, reserved 1048576K
Event: 1.448 GC heap after
Heap after GC invocations=2 (full 0):
 PSYoungGen      total 70656K, used 5090K [0x00000000eab00000, 0x00000000ef500000, 0x0000000100000000)
  eden space 65536K, 0% used [0x00000000eab00000,0x00000000eab00000,0x00000000eeb00000)
  from space 5120K, 99% used [0x00000000ef000000,0x00000000ef4f8ad8,0x00000000ef500000)
  to   space 5120K, 0% used [0x00000000eeb00000,0x00000000eeb00000,0x00000000ef000000)
 ParOldGen       total 86016K, used 5907K [0x00000000c0000000, 0x00000000c5400000, 0x00000000eab00000)
  object space 86016K, 6% used [0x00000000c0000000,0x00000000c05c4ed8,0x00000000c5400000)
 Metaspace       used 5975K, capacity 7024K, committed 7296K, reserved 1056768K
  class space    used 566K, capacity 616K, committed 640K, reserved 1048576K
}
Event: 1.979 GC heap before
{Heap before GC invocations=3 (full 0):
 PSYoungGen      total 70656K, used 70626K [0x00000000eab00000, 0x00000000ef500000, 0x0000000100000000)
  eden space 65536K, 100% used [0x00000000eab00000,0x00000000eeb00000,0x00000000eeb00000)
  from space 5120K, 99% used [0x00000000ef000000,0x00000000ef4f8ad8,0x00000000ef500000)
  to   space 5120K, 0% used [0x00000000eeb00000,0x00000000eeb00000,0x00000000ef000000)
 ParOldGen       total 86016K, used 5907K [0x00000000c0000000, 0x00000000c5400000, 0x00000000eab00000)
  object space 86016K, 6% used [0x00000000c0000000,0x00000000c05c4ed8,0x00000000c5400000)
 Metaspace       used 6119K, capacity 7152K, committed 7296K, reserved 1056768K
  class space    used 567K, capacity 616K, committed 640K, reserved 1048576K
Event: 2.023 GC heap after
Heap after GC invocations=3 (full 0):
 PSYoungGen      total 70656K, used 5107K [0x00000000eab00000, 0x00000000f3500000, 0x0000000100000000)
  eden space 65536K, 0% used [0x00000000eab00000,0x00000000eab00000,0x00000000eeb00000)
  from space 5120K, 99% used [0x00000000eeb00000,0x00000000eeffce60,0x00000000ef000000)
  to   space 5120K, 0% used [0x00000000f3000000,0x00000000f3000000,0x00000000f3500000)
 ParOldGen       total 86016K, used 15434K [0x00000000c0000000, 0x00000000c5400000, 0x00000000eab00000)
  object space 86016K, 17% used [0x00000000c0000000,0x00000000c0f12a50,0x00000000c5400000)
 Metaspace       used 6119K, capacity 7152K, committed 7296K, reserved 1056768K
  class space    used 567K, capacity 616K, committed 640K, reserved 1048576K
}

Deoptimization events (10 events):
Event: 1.487 Thread 0x0000000056707000 Uncommon trap: reason=bimorphic action=maybe_recompile pc=0x0000000002acaa94 method=java.util.HashMap.getNode(ILjava/lang/Object;)Ljava/util/HashMap$Node; @ 126
Event: 1.733 Thread 0x000000005677d800 Uncommon trap: reason=unstable_if action=reinterpret pc=0x0000000002d9b76c method=com.android.dx.ssa.SCCP.simulateStmt(Lcom/android/dx/ssa/SsaInsn;)V @ 53
Event: 1.755 Thread 0x000000000248e800 Uncommon trap: reason=unstable_if action=reinterpret pc=0x0000000002b1336c method=com.android.dx.util.IntList.binarysearch(I)I @ 105
Event: 1.843 Thread 0x000000005677c800 Uncommon trap: reason=bimorphic action=maybe_recompile pc=0x0000000002e127a4 method=com.android.dx.cf.code.BytecodeArray.parseInstruction(ILcom/android/dx/cf/code/BytecodeArray$Visitor;)I @ 939
Event: 1.843 Thread 0x000000005677c800 Uncommon trap: reason=bimorphic action=maybe_recompile pc=0x0000000002e127a4 method=com.android.dx.cf.code.BytecodeArray.parseInstruction(ILcom/android/dx/cf/code/BytecodeArray$Visitor;)I @ 939
Event: 1.970 Thread 0x000000005677c800 Uncommon trap: reason=unstable_if action=reinterpret pc=0x0000000002eddae8 method=com.android.dx.ssa.LiteralOpUpgrader$1.visitNonMoveInsn(Lcom/android/dx/ssa/NormalSsaInsn;)V @ 55
Event: 1.970 Thread 0x000000005677c800 Uncommon trap: reason=unstable_if action=reinterpret pc=0x0000000002be4d8c method=com.android.dx.ssa.SsaMethod.updateOneDefinition(Lcom/android/dx/ssa/SsaInsn;Lcom/android/dx/rop/code/RegisterSpec;)V @ 4
Event: 1.970 Thread 0x000000005670c800 Uncommon trap: reason=unstable_if action=reinterpret pc=0x0000000002be4d8c method=com.android.dx.ssa.SsaMethod.updateOneDefinition(Lcom/android/dx/ssa/SsaInsn;Lcom/android/dx/rop/code/RegisterSpec;)V @ 4
Event: 1.975 Thread 0x000000005670c800 Uncommon trap: reason=bimorphic action=maybe_recompile pc=0x0000000002e127a4 method=com.android.dx.cf.code.BytecodeArray.parseInstruction(ILcom/android/dx/cf/code/BytecodeArray$Visitor;)I @ 939
Event: 1.975 Thread 0x000000005670c800 Uncommon trap: reason=bimorphic action=maybe_recompile pc=0x0000000002e127a4 method=com.android.dx.cf.code.BytecodeArray.parseInstruction(ILcom/android/dx/cf/code/BytecodeArray$Visitor;)I @ 939

Internal exceptions (2 events):
Event: 0.023 Thread 0x000000000248e800 Exception <a 'java/lang/NoSuchMethodError': Method sun.misc.Unsafe.defineClass(Ljava/lang/String;[BII)Ljava/lang/Class; name or signature does not match> (0x00000000eab07c78) thrown at [C:\src\android\AOSP-openjdk\external\jetbrains\jdk\hotspot\src\share\v¦³‡Š?¹—?
Event: 0.023 Thread 0x000000000248e800 Exception <a 'java/lang/NoSuchMethodError': Method sun.misc.Unsafe.prefetchRead(Ljava/lang/Object;J)V name or signature does not match> (0x00000000eab07f60) thrown at [C:\src\android\AOSP-openjdk\external\jetbrains\jdk\hotspot\src\share\vm\prims\jni.cpp, l

Events (10 events):
Event: 1.970 Thread 0x000000005670c800 DEOPT PACKING pc=0x0000000002be4d8c sp=0x0000000057d4eb60
Event: 1.970 Thread 0x000000005670c800 DEOPT UNPACKING pc=0x00000000028e556a sp=0x0000000057d4eb08 mode 2
Event: 1.975 Thread 0x000000005670c800 Uncommon trap: trap_request=0xffffffc6 fr.pc=0x0000000002e127a4
Event: 1.975 Thread 0x000000005670c800 DEOPT PACKING pc=0x0000000002e127a4 sp=0x0000000057d4eb70
Event: 1.975 Thread 0x000000005670c800 DEOPT UNPACKING pc=0x00000000028e556a sp=0x0000000057d4eb28 mode 2
Event: 1.975 Thread 0x000000005670c800 Uncommon trap: trap_request=0xffffffc6 fr.pc=0x0000000002e127a4
Event: 1.975 Thread 0x000000005670c800 DEOPT PACKING pc=0x0000000002e127a4 sp=0x0000000057d4e9d0
Event: 1.975 Thread 0x000000005670c800 DEOPT UNPACKING pc=0x00000000028e556a sp=0x0000000057d4e988 mode 2
Event: 1.979 Executing VM operation: ParallelGCFailedAllocation
Event: 2.023 Executing VM operation: ParallelGCFailedAllocation done


Dynamic libraries:
0x000000013f040000 - 0x000000013f071000 	E:\AndroidTools\as\jre\bin\java.exe
0x00000000779e0000 - 0x0000000077b8a000 	C:\Windows\SYSTEM32\ntdll.dll
0x0000000077770000 - 0x000000007788f000 	C:\Windows\system32\kernel32.dll
0x000007fefe040000 - 0x000007fefe0aa000 	C:\Windows\system32\KERNELBASE.dll
0x000007fefe230000 - 0x000007fefe30b000 	C:\Windows\system32\ADVAPI32.dll
0x000007feff7b0000 - 0x000007feff84f000 	C:\Windows\system32\msvcrt.dll
0x000007fefe440000 - 0x000007fefe45f000 	C:\Windows\SYSTEM32\sechost.dll
0x000007feff850000 - 0x000007feff97d000 	C:\Windows\system32\RPCRT4.dll
0x0000000077670000 - 0x000000007776a000 	C:\Windows\system32\USER32.dll
0x000007feff6c0000 - 0x000007feff727000 	C:\Windows\system32\GDI32.dll
0x000007fefe220000 - 0x000007fefe22e000 	C:\Windows\system32\LPK.dll
0x000007fefe5c0000 - 0x000007fefe68b000 	C:\Windows\system32\USP10.dll
0x000007fefcbb0000 - 0x000007fefcda4000 	C:\Windows\WinSxS\amd64_microsoft.windows.common-controls_6595b64144ccf1df_6.0.7601.18837_none_fa3b1e3d17594757\COMCTL32.dll
0x000007feff730000 - 0x000007feff7a1000 	C:\Windows\system32\SHLWAPI.dll
0x000007fefe540000 - 0x000007fefe56e000 	C:\Windows\system32\IMM32.DLL
0x000007feffbe0000 - 0x000007feffce9000 	C:\Windows\system32\MSCTF.dll
0x000000005d6e0000 - 0x000000005d7b2000 	E:\AndroidTools\as\jre\jre\bin\msvcr100.dll
0x0000000067f60000 - 0x000000006879c000 	E:\AndroidTools\as\jre\jre\bin\server\jvm.dll
0x000007fef4350000 - 0x000007fef4359000 	C:\Windows\system32\WSOCK32.dll
0x000007fefe570000 - 0x000007fefe5bd000 	C:\Windows\system32\WS2_32.dll
0x000007fefe3b0000 - 0x000007fefe3b8000 	C:\Windows\system32\NSI.dll
0x000007fefa220000 - 0x000007fefa25b000 	C:\Windows\system32\WINMM.dll
0x000007fefc930000 - 0x000007fefc93c000 	C:\Windows\system32\VERSION.dll
0x0000000077bb0000 - 0x0000000077bb7000 	C:\Windows\system32\PSAPI.DLL
0x000007fef4340000 - 0x000007fef434f000 	E:\AndroidTools\as\jre\jre\bin\verify.dll
0x000007fef4310000 - 0x000007fef4339000 	E:\AndroidTools\as\jre\jre\bin\java.dll
0x000007fef42f0000 - 0x000007fef4306000 	E:\AndroidTools\as\jre\jre\bin\zip.dll
0x000007fefe870000 - 0x000007feff5fb000 	C:\Windows\system32\SHELL32.dll
0x000007feff9e0000 - 0x000007feffbdc000 	C:\Windows\system32\ole32.dll
0x000007fefde50000 - 0x000007fefde5f000 	C:\Windows\system32\profapi.dll

VM Arguments:
jvm_args: -Djava.awt.headless=true -Xmx1024M -Dfile.encoding=GBK -Duser.country=CN -Duser.language=zh -Duser.variant 
java_command: com.android.dx.command.Main --dex --num-threads=4 --output H:\github\small-video-record-master\small-video-record-master\HostTest\app\build\intermediates\pre-dexed\debug\com.android.support-appcompat-v7-25.3.1_da18a1210f72c3746a5e36eb68965da1c1cdae8a.jar H:\github\small-video-record-master\small-video-record-master\HostTest\app\build\intermediates\exploded-aar\com.android.support\appcompat-v7\25.3.1\jars\classes.jar
java_class_path (initial): E:\Android\sdk\build-tools\25.0.2\lib\dx.jar
Launcher Type: SUN_STANDARD

Environment Variables:
JAVA_HOME=C:\Program Files\Java\jdk1.8.0_91
CLASSPATH= .;C:\Program Files\Java\jdk1.8.0_91\lib;C:\Program Files\Java\jdk1.8.0_91\lib\tools.jar
PATH=C:\Windows\system32;C:\Windows;C:\Windows\System32\Wbem;C:\Windows\System32\WindowsPowerShell\v1.0\;C:\Program Files\Java\jdk1.8.0_91\bin;C:\Program Files\Java\jdk1.8.0_91\jre\bin;E:\soft\Ice-3.6.1\bin;E:\Program Files\TortoiseSVN\bin;e:\Git\cmd;C:\Users\Administrator\AppData\Local\Programs\Fiddler
USERNAME=Administrator
OS=Windows_NT
PROCESSOR_IDENTIFIER=Intel64 Family 6 Model 60 Stepping 3, GenuineIntel



---------------  S Y S T E M  ---------------

OS: Windows 7 , 64 bit Build 7601 (6.1.7601.23864)

CPU:total 4 (4 cores per cpu, 1 threads per core) family 6 model 60 stepping 3, cmov, cx8, fxsr, mmx, sse, sse2, sse3, ssse3, sse4.1, sse4.2, popcnt, avx, avx2, aes, clmul, erms, lzcnt, tsc, tscinvbit, bmi1, bmi2

Memory: 4k page, physical 8256552k(790524k free), swap 8254692k(7132k free)

vm_info: OpenJDK 64-Bit Server VM (25.112-b06) for windows-amd64 JRE (1.8.0_112-release-b06), built on Dec  8 2016 00:54:26 by "builder" with MS VC++ 10.0 (VS2010)

time: Tue Aug 15 10:49:43 2017
elapsed time: 2 seconds (0d 0h 0m 2s)

