#
# There is insufficient memory for the Java Runtime Environment to continue.
# Native memory allocation (malloc) failed to allocate 32744 bytes for ChunkPool::allocate
# Possible reasons:
#   The system is out of physical RAM or swap space
#   In 32 bit mode, the process size limit was hit
# Possible solutions:
#   Reduce memory load on the system
#   Increase physical memory or swap space
#   Check if swap backing store is full
#   Use 64 bit Java on a 64 bit OS
#   Decrease Java heap size (-Xmx/-Xms)
#   Decrease number of Java threads
#   Decrease Java thread stack sizes (-Xss)
#   Set larger code cache with -XX:ReservedCodeCacheSize=
# This output file may be truncated or incomplete.
#
#  Out of Memory Error (allocation.cpp:273), pid=10800, tid=0x0000000000002158
#
# JRE version: OpenJDK Runtime Environment (8.0_112-b06) (build 1.8.0_112-release-b06)
# Java VM: OpenJDK 64-Bit Server VM (25.112-b06 mixed mode windows-amd64 compressed oops)
# Failed to write core dump. Minidumps are not enabled by default on client versions of Windows
#

---------------  T H R E A D  ---------------

Current thread (0x00000000552bd800):  JavaThread "C2 CompilerThread0" daemon [_thread_in_native, id=8536, stack(0x0000000056cd0000,0x0000000056dd0000)]

Stack: [0x0000000056cd0000,0x0000000056dd0000]
[error occurred during error reporting (printing stack bounds), id 0xc0000005]

Native frames: (J=compiled Java code, j=interpreted, Vv=VM code, C=native code)


Current CompileTask:
C2:    450  626       4      
[error occurred during error reporting (printing current compile task), id 0xe0000001]


---------------  P R O C E S S  ---------------

Java Threads: ( => current thread )
  0x0000000056696800 JavaThread "pool-1-thread-4" [_thread_in_Java, id=7728, stack(0x00000000577f0000,0x00000000578f0000)]
  0x0000000056528000 JavaThread "pool-2-thread-1" [_thread_blocked, id=10748, stack(0x0000000057400000,0x0000000057500000)]
  0x0000000056381000 JavaThread "Service Thread" daemon [_thread_blocked, id=8264, stack(0x0000000056b60000,0x0000000056c60000)]
  0x000000005637c800 JavaThread "C1 CompilerThread2" daemon [_thread_in_native, id=10144, stack(0x0000000056e30000,0x0000000056f30000)]
  0x00000000552bf800 JavaThread "C2 CompilerThread1" daemon [_thread_in_native, id=6500, stack(0x0000000056960000,0x0000000056a60000)]
=>0x00000000552bd800 JavaThread "C2 CompilerThread0" daemon [_thread_in_native, id=8536, stack(0x0000000056cd0000,0x0000000056dd0000)]
  0x000000005636a800 JavaThread "Attach Listener" daemon [_thread_blocked, id=3172, stack(0x0000000056a60000,0x0000000056b60000)]
  0x00000000552ad800 JavaThread "Signal Dispatcher" daemon [_thread_blocked, id=8364, stack(0x0000000056840000,0x0000000056940000)]
  0x0000000055297000 JavaThread "Finalizer" daemon [_thread_blocked, id=10064, stack(0x0000000055fc0000,0x00000000560c0000)]
  0x0000000055250000 JavaThread "Reference Handler" daemon [_thread_blocked, id=4148, stack(0x0000000056260000,0x0000000056360000)]
  0x00000000003be800 JavaThread "main" [_thread_blocked, id=5740, stack(0x0000000002770000,0x0000000002870000)]

Other Threads:
  0x0000000055248800 VMThread [stack: 0x0000000056100000,0x0000000056200000] [id=6996]
  0x0000000056385800 WatcherThread [stack: 0x00000000570b0000,0x00000000571b0000] [id=9288]

VM state:not at safepoint (normal execution)

VM Mutex/Monitor currently owned by a thread: None

Heap:
 PSYoungGen      total 37888K, used 15081K [0x00000000eab00000, 0x00000000ed500000, 0x0000000100000000)
  eden space 32768K, 46% used [0x00000000eab00000,0x00000000eb9ba688,0x00000000ecb00000)
  from space 5120K, 0% used [0x00000000ed000000,0x00000000ed000000,0x00000000ed500000)
  to   space 5120K, 0% used [0x00000000ecb00000,0x00000000ecb00000,0x00000000ed000000)
 ParOldGen       total 86016K, used 0K [0x00000000c0000000, 0x00000000c5400000, 0x00000000eab00000)
  object space 86016K, 0% used [0x00000000c0000000,0x00000000c0000000,0x00000000c5400000)
 Metaspace       used 5528K, capacity 6704K, committed 6784K, reserved 1056768K
  class space    used 564K, capacity 616K, committed 640K, reserved 1048576K

Card table byte_map: [0x0000000011c30000,0x0000000011e40000] byte_map_base: 0x0000000011630000

Marking Bits: (ParMarkBitMap*) 0x000000005a1d18f0
 Begin Bits: [0x00000000126c0000, 0x00000000136c0000)
 End Bits:   [0x00000000136c0000, 0x00000000146c0000)

Polling page: 0x0000000000350000

CodeCache: size=245760Kb used=2768Kb max_used=2779Kb free=242991Kb
 bounds [0x0000000002870000, 0x0000000002b30000, 0x0000000011870000]
 total_blobs=960 nmethods=696 adapters=178
 compilation: enabled

Compilation events (10 events):
Event: 0.442 Thread 0x00000000552bf800 nmethod 706 0x0000000002aae6d0 code [0x0000000002aae800, 0x0000000002aae858]
Event: 0.442 Thread 0x000000005637c800 nmethod 694 0x0000000002b255d0 code [0x0000000002b257c0, 0x0000000002b26248]
Event: 0.442 Thread 0x00000000552bf800  708       4       java.util.BitSet::<init> (56 bytes)
Event: 0.442 Thread 0x000000005637c800  703       3       java.util.ArrayList::removeRange (75 bytes)
Event: 0.442 Thread 0x000000005637c800 nmethod 703 0x0000000002b24e10 code [0x0000000002b24fa0, 0x0000000002b25408]
Event: 0.442 Thread 0x000000005637c800  691   !   3       com.android.dx.cf.code.RopperMachine::run (1550 bytes)
Event: 0.443 Thread 0x00000000552bf800 nmethod 708 0x0000000002b28650 code [0x0000000002b287a0, 0x0000000002b288d8]
Event: 0.448 Thread 0x00000000552bf800  713       4       com.android.dx.ssa.NormalSsaInsn::getSources (8 bytes)
Event: 0.448 Thread 0x00000000552bf800 nmethod 713 0x0000000002b289d0 code [0x0000000002b28b00, 0x0000000002b28b78]
Event: 0.448 Thread 0x00000000552bf800  714       4       com.android.dx.rop.code.RegisterSpec::equals (51 bytes)

GC Heap History (0 events):
No events

Deoptimization events (3 events):
Event: 0.235 Thread 0x00000000003be800 Uncommon trap: reason=unstable_if action=reinterpret pc=0x00000000029a5b84 method=java.lang.String.indexOf(II)I @ 49
Event: 0.377 Thread 0x0000000056696800 Uncommon trap: reason=unstable_if action=reinterpret pc=0x0000000002a3f514 method=java.util.HashMap.getNode(ILjava/lang/Object;)Ljava/util/HashMap$Node; @ 129
Event: 0.378 Thread 0x0000000056521000 Uncommon trap: reason=unstable_if action=reinterpret pc=0x0000000002a545e0 method=java.util.BitSet.nextSetBit(I)I @ 87

Internal exceptions (2 events):
Event: 0.032 Thread 0x00000000003be800 Exception <a 'java/lang/NoSuchMethodError': Method sun.misc.Unsafe.defineClass(Ljava/lang/String;[BII)Ljava/lang/Class; name or signature does not match> (0x00000000eab07c78) thrown at [C:\src\android\AOSP-openjdk\external\jetbrains\jdk\hotspot\src\share\vKp…T∂é†?
Event: 0.032 Thread 0x00000000003be800 Exception <a 'java/lang/NoSuchMethodError': Method sun.misc.Unsafe.prefetchRead(Ljava/lang/Object;J)V name or signature does not match> (0x00000000eab07f60) thrown at [C:\src\android\AOSP-openjdk\external\jetbrains\jdk\hotspot\src\share\vm\prims\jni.cpp, l

Events (10 events):
Event: 0.378 loading class java/util/HashMap$ValueIterator done
Event: 0.378 Thread 0x0000000056521000 Uncommon trap: trap_request=0xffffff65 fr.pc=0x0000000002a545e0
Event: 0.378 Thread 0x0000000056521000 DEOPT PACKING pc=0x0000000002a545e0 sp=0x00000000573ae870
Event: 0.378 Thread 0x0000000056521000 DEOPT UNPACKING pc=0x00000000028b556a sp=0x00000000573ae808 mode 2
Event: 0.380 Thread 0x0000000056541000 Thread exited: 0x0000000056541000
Event: 0.400 loading class java/util/DualPivotQuicksort
Event: 0.400 loading class java/util/DualPivotQuicksort done
Event: 0.423 loading class java/util/ArrayList$1
Event: 0.423 loading class java/util/ArrayList$1 done
Event: 0.425 Thread 0x0000000056521000 Thread exited: 0x0000000056521000


Dynamic libraries:
0x000000013fbe0000 - 0x000000013fc11000 	E:\AndroidTools\as\jre\bin\java.exe
0x0000000077110000 - 0x00000000772ba000 	C:\Windows\SYSTEM32\ntdll.dll
0x0000000076a40000 - 0x0000000076b5f000 	C:\Windows\system32\kernel32.dll
0x000007fefd770000 - 0x000007fefd7da000 	C:\Windows\system32\KERNELBASE.dll
0x000007feff0b0000 - 0x000007feff18b000 	C:\Windows\system32\ADVAPI32.dll
0x000007fefe920000 - 0x000007fefe9bf000 	C:\Windows\system32\msvcrt.dll
0x000007fefe900000 - 0x000007fefe91f000 	C:\Windows\SYSTEM32\sechost.dll
0x000007fefebd0000 - 0x000007fefecfd000 	C:\Windows\system32\RPCRT4.dll
0x0000000076b60000 - 0x0000000076c5a000 	C:\Windows\system32\USER32.dll
0x000007feff190000 - 0x000007feff1f7000 	C:\Windows\system32\GDI32.dll
0x000007fefe9c0000 - 0x000007fefe9ce000 	C:\Windows\system32\LPK.dll
0x000007fefefe0000 - 0x000007feff0ab000 	C:\Windows\system32\USP10.dll
0x000007fefc2e0000 - 0x000007fefc4d4000 	C:\Windows\WinSxS\amd64_microsoft.windows.common-controls_6595b64144ccf1df_6.0.7601.18837_none_fa3b1e3d17594757\COMCTL32.dll
0x000007fefed70000 - 0x000007fefede1000 	C:\Windows\system32\SHLWAPI.dll
0x000007feff260000 - 0x000007feff28e000 	C:\Windows\system32\IMM32.DLL
0x000007feff290000 - 0x000007feff399000 	C:\Windows\system32\MSCTF.dll
0x0000000067380000 - 0x0000000067452000 	E:\AndroidTools\as\jre\jre\bin\msvcr100.dll
0x0000000059a10000 - 0x000000005a24c000 	E:\AndroidTools\as\jre\jre\bin\server\jvm.dll
0x000007fefaf60000 - 0x000007fefaf69000 	C:\Windows\system32\WSOCK32.dll
0x000007fefed00000 - 0x000007fefed4d000 	C:\Windows\system32\WS2_32.dll
0x000007fefefd0000 - 0x000007fefefd8000 	C:\Windows\system32\NSI.dll
0x000007fef88a0000 - 0x000007fef88db000 	C:\Windows\system32\WINMM.dll
0x000007fefc060000 - 0x000007fefc06c000 	C:\Windows\system32\VERSION.dll
0x00000000772e0000 - 0x00000000772e7000 	C:\Windows\system32\PSAPI.DLL
0x000007fefaf70000 - 0x000007fefaf7f000 	E:\AndroidTools\as\jre\jre\bin\verify.dll
0x000007fef9f80000 - 0x000007fef9fa9000 	E:\AndroidTools\as\jre\jre\bin\java.dll
0x000007fefaf30000 - 0x000007fefaf46000 	E:\AndroidTools\as\jre\jre\bin\zip.dll
0x000007fefd950000 - 0x000007fefe6db000 	C:\Windows\system32\SHELL32.dll
0x000007fefe9d0000 - 0x000007fefebcc000 	C:\Windows\system32\ole32.dll
0x000007fefd580000 - 0x000007fefd58f000 	C:\Windows\system32\profapi.dll

VM Arguments:
jvm_args: -Djava.awt.headless=true -Xmx1024M -Dfile.encoding=GBK -Duser.country=CN -Duser.language=zh -Duser.variant 
java_command: com.android.dx.command.Main --dex --num-threads=4 --output H:\github\small-video-record-master\small-video-record-master\HostTest\app\build\intermediates\pre-dexed\debug\com.android.support-animated-vector-drawable-25.3.1_ee75c0f8b28e3933fdc30d7f1522d61311cb6cc8.jar H:\github\small-video-record-master\small-video-record-master\HostTest\app\build\intermediates\exploded-aar\com.android.support\animated-vector-drawable\25.3.1\jars\classes.jar
java_class_path (initial): E:\Android\sdk\build-tools\25.0.2\lib\dx.jar
Launcher Type: SUN_STANDARD

Environment Variables:
JAVA_HOME=C:\Program Files\Java\jdk1.8.0_91
CLASSPATH= .;C:\Program Files\Java\jdk1.8.0_91\lib;C:\Program Files\Java\jdk1.8.0_91\lib\tools.jar
PATH=C:\Windows\system32;C:\Windows;C:\Windows\System32\Wbem;C:\Windows\System32\WindowsPowerShell\v1.0\;C:\Program Files\Java\jdk1.8.0_91\bin;C:\Program Files\Java\jdk1.8.0_91\jre\bin;E:\soft\Ice-3.6.1\bin;E:\Program Files\TortoiseSVN\bin;e:\Git\cmd;C:\Users\Administrator\AppData\Local\Programs\Fiddler
USERNAME=Administrator
OS=Windows_NT
PROCESSOR_IDENTIFIER=Intel64 Family 6 Model 60 Stepping 3, GenuineIntel



---------------  S Y S T E M  ---------------

OS: Windows 7 , 64 bit Build 7601 (6.1.7601.23864)

CPU:total 4 (4 cores per cpu, 1 threads per core) family 6 model 60 stepping 3, cmov, cx8, fxsr, mmx, sse, sse2, sse3, ssse3, sse4.1, sse4.2, popcnt, avx, avx2, aes, clmul, erms, lzcnt, tsc, tscinvbit, bmi1, bmi2

Memory: 4k page, physical 8256552k(887976k free), swap 8254692k(5092k free)

vm_info: OpenJDK 64-Bit Server VM (25.112-b06) for windows-amd64 JRE (1.8.0_112-release-b06), built on Dec  8 2016 00:54:26 by "builder" with MS VC++ 10.0 (VS2010)

time: Tue Aug 15 16:21:20 2017
elapsed time: 0 seconds (0d 0h 0m 0s)

