#
# There is insufficient memory for the Java Runtime Environment to continue.
# Native memory allocation (malloc) failed to allocate 506576 bytes for Chunk::new
# Possible reasons:
#   The system is out of physical RAM or swap space
#   In 32 bit mode, the process size limit was hit
# Possible solutions:
#   Reduce memory load on the system
#   Increase physical memory or swap space
#   Check if swap backing store is full
#   Use 64 bit Java on a 64 bit OS
#   Decrease Java heap size (-Xmx/-Xms)
#   Decrease number of Java threads
#   Decrease Java thread stack sizes (-Xss)
#   Set larger code cache with -XX:ReservedCodeCacheSize=
# This output file may be truncated or incomplete.
#
#  Out of Memory Error (allocation.cpp:390), pid=7236, tid=0x0000000000002050
#
# JRE version: OpenJDK Runtime Environment (8.0_112-b06) (build 1.8.0_112-release-b06)
# Java VM: OpenJDK 64-Bit Server VM (25.112-b06 mixed mode windows-amd64 compressed oops)
# Failed to write core dump. Minidumps are not enabled by default on client versions of Windows
#

---------------  T H R E A D  ---------------

Current thread (0x00000000551fd000):  JavaThread "C2 CompilerThread1" daemon [_thread_in_native, id=8272, stack(0x0000000056550000,0x0000000056650000)]

Stack: [0x0000000056550000,0x0000000056650000]
[error occurred during error reporting (printing stack bounds), id 0xc0000005]

Native frames: (J=compiled Java code, j=interpreted, Vv=VM code, C=native code)


Current CompileTask:
C2:    965 1325       4       com.android.dx.ssa.SCCP::simulateStmt (481 bytes)


---------------  P R O C E S S  ---------------

Java Threads: ( => current thread )
  0x0000000056a14800 JavaThread "pool-1-thread-4" [_thread_blocked, id=9432, stack(0x0000000057a60000,0x0000000057b60000)]
  0x0000000056a12000 JavaThread "pool-1-thread-3" [_thread_in_Java, id=8912, stack(0x0000000057b90000,0x0000000057c90000)]
  0x000000005696a000 JavaThread "pool-1-thread-2" [_thread_blocked, id=6940, stack(0x0000000057950000,0x0000000057a50000)]
  0x0000000056969800 JavaThread "pool-2-thread-1" [_thread_blocked, id=11188, stack(0x0000000057750000,0x0000000057850000)]
  0x0000000056968800 JavaThread "pool-1-thread-1" [_thread_in_Java, id=8504, stack(0x0000000057650000,0x0000000057750000)]
  0x00000000567c4000 JavaThread "Service Thread" daemon [_thread_blocked, id=8420, stack(0x00000000572e0000,0x00000000573e0000)]
  0x00000000551fe000 JavaThread "C1 CompilerThread2" daemon [_thread_blocked, id=10288, stack(0x0000000057110000,0x0000000057210000)]
=>0x00000000551fd000 JavaThread "C2 CompilerThread1" daemon [_thread_in_native, id=8272, stack(0x0000000056550000,0x0000000056650000)]
  0x00000000551fb000 JavaThread "C2 CompilerThread0" daemon [_thread_blocked, id=8472, stack(0x0000000056f10000,0x0000000057010000)]
  0x000000005675a800 JavaThread "Attach Listener" daemon [_thread_blocked, id=8264, stack(0x0000000056d20000,0x0000000056e20000)]
  0x00000000551eb000 JavaThread "Signal Dispatcher" daemon [_thread_blocked, id=9540, stack(0x0000000056b50000,0x0000000056c50000)]
  0x00000000551d6800 JavaThread "Finalizer" daemon [_thread_blocked, id=2316, stack(0x0000000056650000,0x0000000056750000)]
  0x000000005518f800 JavaThread "Reference Handler" daemon [_thread_blocked, id=8172, stack(0x0000000056420000,0x0000000056520000)]
  0x00000000025ee000 JavaThread "main" [_thread_blocked, id=3108, stack(0x00000000026d0000,0x00000000027d0000)]

Other Threads:
  0x0000000055188000 VMThread [stack: 0x0000000056240000,0x0000000056340000] [id=6400]
  0x00000000567c8000 WatcherThread [stack: 0x0000000057550000,0x0000000057650000] [id=5732]

VM state:not at safepoint (normal execution)

VM Mutex/Monitor currently owned by a thread:  ([mutex/lock_event])
[0x00000000025ec470] Heap_lock - owner thread: 0x0000000056a14800

Heap:
 PSYoungGen      total 37888K, used 18641K [0x00000000eab00000, 0x00000000ed500000, 0x0000000100000000)
  eden space 32768K, 41% used [0x00000000eab00000,0x00000000eb834788,0x00000000ecb00000)
  from space 5120K, 99% used [0x00000000ecb00000,0x00000000ecfffca8,0x00000000ed000000)
  to   space 5120K, 0% used [0x00000000ed000000,0x00000000ed000000,0x00000000ed500000)
 ParOldGen       total 86016K, used 1778K [0x00000000c0000000, 0x00000000c5400000, 0x00000000eab00000)
  object space 86016K, 2% used [0x00000000c0000000,0x00000000c01bc9a0,0x00000000c5400000)
 Metaspace       used 6064K, capacity 7024K, committed 7296K, reserved 1056768K
  class space    used 576K, capacity 616K, committed 640K, reserved 1048576K

Card table byte_map: [0x0000000011c10000,0x0000000011e20000] byte_map_base: 0x0000000011610000

Marking Bits: (ParMarkBitMap*) 0x000000005a1d18f0
 Begin Bits: [0x0000000012600000, 0x0000000013600000)
 End Bits:   [0x0000000013600000, 0x0000000014600000)

Polling page: 0x0000000000130000

CodeCache: size=245760Kb used=5322Kb max_used=5339Kb free=240437Kb
 bounds [0x0000000002850000, 0x0000000002d90000, 0x0000000011850000]
 total_blobs=1650 nmethods=1379 adapters=184
 compilation: disabled (not enough contiguous free space left)

Compilation events (10 events):
Event: 0.952 Thread 0x00000000551fe000 nmethod 1391 0x0000000002d77f90 code [0x0000000002d780e0, 0x0000000002d782d0]
Event: 0.952 Thread 0x00000000551fe000 1392       3       com.android.dx.ssa.SsaBasicBlock::addMoveToEnd (172 bytes)
Event: 0.953 Thread 0x00000000551fe000 nmethod 1392 0x0000000002d81150 code [0x0000000002d814e0, 0x0000000002d833a8]
Event: 0.954 Thread 0x00000000551fe000 1393       3       com.android.dx.rop.cst.CstBaseMethodRef::isClassInit (8 bytes)
Event: 0.954 Thread 0x00000000551fe000 nmethod 1393 0x0000000002d84950 code [0x0000000002d84ac0, 0x0000000002d84ee8]
Event: 0.954 Thread 0x00000000551fe000 1394       3       com.android.dx.cf.code.BasicBlocker::visitNoArgs (298 bytes)
Event: 0.955 Thread 0x00000000551fe000 nmethod 1394 0x0000000002d85050 code [0x0000000002d852c0, 0x0000000002d86078]
Event: 0.955 Thread 0x00000000551fe000 1395       3       com.android.dx.cf.code.Simulator$SimVisitor::visitNoArgs (2136 bytes)
Event: 0.959 Thread 0x00000000551fb000 

Event: 0.960 Thread 0x00000000551fe000 


GC Heap History (2 events):
Event: 0.771 GC heap before
{Heap before GC invocations=1 (full 0):
 PSYoungGen      total 37888K, used 32768K [0x00000000eab00000, 0x00000000ed500000, 0x0000000100000000)
  eden space 32768K, 100% used [0x00000000eab00000,0x00000000ecb00000,0x00000000ecb00000)
  from space 5120K, 0% used [0x00000000ed000000,0x00000000ed000000,0x00000000ed500000)
  to   space 5120K, 0% used [0x00000000ecb00000,0x00000000ecb00000,0x00000000ed000000)
 ParOldGen       total 86016K, used 0K [0x00000000c0000000, 0x00000000c5400000, 0x00000000eab00000)
  object space 86016K, 0% used [0x00000000c0000000,0x00000000c0000000,0x00000000c5400000)
 Metaspace       used 5879K, capacity 6832K, committed 7040K, reserved 1056768K
  class space    used 576K, capacity 616K, committed 640K, reserved 1048576K
Event: 0.781 GC heap after
Heap after GC invocations=1 (full 0):
 PSYoungGen      total 37888K, used 5119K [0x00000000eab00000, 0x00000000ed500000, 0x0000000100000000)
  eden space 32768K, 0% used [0x00000000eab00000,0x00000000eab00000,0x00000000ecb00000)
  from space 5120K, 99% used [0x00000000ecb00000,0x00000000ecfffca8,0x00000000ed000000)
  to   space 5120K, 0% used [0x00000000ed000000,0x00000000ed000000,0x00000000ed500000)
 ParOldGen       total 86016K, used 1778K [0x00000000c0000000, 0x00000000c5400000, 0x00000000eab00000)
  object space 86016K, 2% used [0x00000000c0000000,0x00000000c01bc9a0,0x00000000c5400000)
 Metaspace       used 5879K, capacity 6832K, committed 7040K, reserved 1056768K
  class space    used 576K, capacity 616K, committed 640K, reserved 1048576K
}

Deoptimization events (10 events):
Event: 0.457 Thread 0x00000000025ee000 Uncommon trap: reason=unstable_if action=reinterpret pc=0x0000000002ad7580 method=java.lang.String.<init>([CII)V @ 18
Event: 0.478 Thread 0x000000005696a000 Uncommon trap: reason=unstable_if action=reinterpret pc=0x0000000002a7f620 method=java.util.BitSet.nextSetBit(I)I @ 87
Event: 0.480 Thread 0x0000000056a12000 Uncommon trap: reason=unstable_if action=reinterpret pc=0x0000000002a78580 method=java.util.HashMap.getNode(ILjava/lang/Object;)Ljava/util/HashMap$Node; @ 62
Event: 0.587 Thread 0x0000000056a14800 Uncommon trap: reason=class_check action=maybe_recompile pc=0x0000000002acf6e0 method=com.android.dx.ssa.NormalSsaInsn.accept(Lcom/android/dx/ssa/SsaInsn$Visitor;)V @ 9
Event: 0.587 Thread 0x0000000056a14800 Uncommon trap: reason=class_check action=maybe_recompile pc=0x0000000002acf6e0 method=com.android.dx.ssa.NormalSsaInsn.accept(Lcom/android/dx/ssa/SsaInsn$Visitor;)V @ 9
Event: 0.587 Thread 0x0000000056a14800 Uncommon trap: reason=class_check action=maybe_recompile pc=0x0000000002acf6e0 method=com.android.dx.ssa.NormalSsaInsn.accept(Lcom/android/dx/ssa/SsaInsn$Visitor;)V @ 9
Event: 0.587 Thread 0x0000000056a14800 Uncommon trap: reason=class_check action=maybe_recompile pc=0x0000000002acf6e0 method=com.android.dx.ssa.NormalSsaInsn.accept(Lcom/android/dx/ssa/SsaInsn$Visitor;)V @ 9
Event: 0.660 Thread 0x0000000056a14800 Uncommon trap: reason=null_check action=make_not_entrant pc=0x0000000002bcf6a0 method=com.android.dx.ssa.SsaRenamer.getLocalForNewReg(I)Lcom/android/dx/rop/code/LocalItem; @ 19
Event: 0.661 Thread 0x0000000056a14800 Uncommon trap: reason=null_check action=make_not_entrant pc=0x0000000002bdb860 method=com.android.dx.ssa.SsaRenamer.getLocalForNewReg(I)Lcom/android/dx/rop/code/LocalItem; @ 19
Event: 0.963 Thread 0x0000000056a12000 Uncommon trap: reason=unstable_if action=reinterpret pc=0x0000000002a8db28 method=java.util.HashMap.getNode(ILjava/lang/Object;)Ljava/util/HashMap$Node; @ 62

Internal exceptions (4 events):
Event: 0.024 Thread 0x00000000025ee000 Exception <a 'java/lang/NoSuchMethodError': Method sun.misc.Unsafe.defineClass(Ljava/lang/String;[BII)Ljava/lang/Class; name or signature does not match> (0x00000000eab07c78) thrown at [C:\src\android\AOSP-openjdk\external\jetbrains\jdk\hotspot\src\share\vñŸ²î™?
Event: 0.025 Thread 0x00000000025ee000 Exception <a 'java/lang/NoSuchMethodError': Method sun.misc.Unsafe.prefetchRead(Ljava/lang/Object;J)V name or signature does not match> (0x00000000eab07f60) thrown at [C:\src\android\AOSP-openjdk\external\jetbrains\jdk\hotspot\src\share\vm\prims\jni.cpp, lç½…Í@"å?
Event: 0.660 Thread 0x0000000056a14800 Implicit null exception at 0x0000000002bcc65c to 0x0000000002bcf65d
Event: 0.661 Thread 0x0000000056a14800 Implicit null exception at 0x0000000002bda2dd to 0x0000000002bdb82d

Events (10 events):
Event: 0.858 loading class com/android/dx/rop/code/RegisterSpec$1 done
Event: 0.859 Thread 0x000000005696a000 DEOPT PACKING pc=0x0000000002af92c5 sp=0x0000000057a4e990
Event: 0.859 Thread 0x000000005696a000 DEOPT UNPACKING pc=0x00000000028975bf sp=0x0000000057a4e770 mode 0
Event: 0.909 Thread 0x0000000056a12000 DEOPT PACKING pc=0x0000000002bffabd sp=0x0000000057c8e730
Event: 0.909 Thread 0x0000000056a12000 DEOPT UNPACKING pc=0x00000000028975bf sp=0x0000000057c8e4a0 mode 0
Event: 0.910 Thread 0x0000000056a12000 DEOPT PACKING pc=0x0000000002aee33c sp=0x0000000057c8e690
Event: 0.910 Thread 0x0000000056a12000 DEOPT UNPACKING pc=0x00000000028975bf sp=0x0000000057c8e458 mode 0
Event: 0.963 Thread 0x0000000056a12000 Uncommon trap: trap_request=0xffffff65 fr.pc=0x0000000002a8db28
Event: 0.963 Thread 0x0000000056a12000 DEOPT PACKING pc=0x0000000002a8db28 sp=0x0000000057c8e640
Event: 0.963 Thread 0x0000000056a12000 DEOPT UNPACKING pc=0x000000000289556a sp=0x0000000057c8e550 mode 2


Dynamic libraries:
0x000000013fbe0000 - 0x000000013fc11000 	E:\AndroidTools\as\jre\bin\java.exe
0x0000000077110000 - 0x00000000772ba000 	C:\Windows\SYSTEM32\ntdll.dll
0x0000000076a40000 - 0x0000000076b5f000 	C:\Windows\system32\kernel32.dll
0x000007fefd770000 - 0x000007fefd7da000 	C:\Windows\system32\KERNELBASE.dll
0x000007feff0b0000 - 0x000007feff18b000 	C:\Windows\system32\ADVAPI32.dll
0x000007fefe920000 - 0x000007fefe9bf000 	C:\Windows\system32\msvcrt.dll
0x000007fefe900000 - 0x000007fefe91f000 	C:\Windows\SYSTEM32\sechost.dll
0x000007fefebd0000 - 0x000007fefecfd000 	C:\Windows\system32\RPCRT4.dll
0x0000000076b60000 - 0x0000000076c5a000 	C:\Windows\system32\USER32.dll
0x000007feff190000 - 0x000007feff1f7000 	C:\Windows\system32\GDI32.dll
0x000007fefe9c0000 - 0x000007fefe9ce000 	C:\Windows\system32\LPK.dll
0x000007fefefe0000 - 0x000007feff0ab000 	C:\Windows\system32\USP10.dll
0x000007fefc2e0000 - 0x000007fefc4d4000 	C:\Windows\WinSxS\amd64_microsoft.windows.common-controls_6595b64144ccf1df_6.0.7601.18837_none_fa3b1e3d17594757\COMCTL32.dll
0x000007fefed70000 - 0x000007fefede1000 	C:\Windows\system32\SHLWAPI.dll
0x000007feff260000 - 0x000007feff28e000 	C:\Windows\system32\IMM32.DLL
0x000007feff290000 - 0x000007feff399000 	C:\Windows\system32\MSCTF.dll
0x0000000067380000 - 0x0000000067452000 	E:\AndroidTools\as\jre\jre\bin\msvcr100.dll
0x0000000059a10000 - 0x000000005a24c000 	E:\AndroidTools\as\jre\jre\bin\server\jvm.dll
0x000007fefaf60000 - 0x000007fefaf69000 	C:\Windows\system32\WSOCK32.dll
0x000007fefed00000 - 0x000007fefed4d000 	C:\Windows\system32\WS2_32.dll
0x000007fefefd0000 - 0x000007fefefd8000 	C:\Windows\system32\NSI.dll
0x000007fef88a0000 - 0x000007fef88db000 	C:\Windows\system32\WINMM.dll
0x000007fefc060000 - 0x000007fefc06c000 	C:\Windows\system32\VERSION.dll
0x00000000772e0000 - 0x00000000772e7000 	C:\Windows\system32\PSAPI.DLL
0x000007fefaf70000 - 0x000007fefaf7f000 	E:\AndroidTools\as\jre\jre\bin\verify.dll
0x000007fef9f80000 - 0x000007fef9fa9000 	E:\AndroidTools\as\jre\jre\bin\java.dll
0x000007fefaf30000 - 0x000007fefaf46000 	E:\AndroidTools\as\jre\jre\bin\zip.dll
0x000007fefd950000 - 0x000007fefe6db000 	C:\Windows\system32\SHELL32.dll
0x000007fefe9d0000 - 0x000007fefebcc000 	C:\Windows\system32\ole32.dll
0x000007fefd580000 - 0x000007fefd58f000 	C:\Windows\system32\profapi.dll

VM Arguments:
jvm_args: -Djava.awt.headless=true -Xmx1024M -Dfile.encoding=GBK -Duser.country=CN -Duser.language=zh -Duser.variant 
java_command: com.android.dx.command.Main --dex --num-threads=4 --output H:\github\small-video-record-master\small-video-record-master\HostTest\app\build\intermediates\pre-dexed\debug\picasso-2.5.2_2428dbd5eabf65ae69bc01abd6e4b72d08e545aa.jar C:\Users\Administrator\.gradle\caches\modules-2\files-2.1\com.squareup.picasso\picasso\2.5.2\7446d06ec8d4f7ffcc53f1da37c95f200dcb9387\picasso-2.5.2.jar
java_class_path (initial): E:\Android\sdk\build-tools\25.0.2\lib\dx.jar
Launcher Type: SUN_STANDARD

Environment Variables:
JAVA_HOME=C:\Program Files\Java\jdk1.8.0_91
CLASSPATH= .;C:\Program Files\Java\jdk1.8.0_91\lib;C:\Program Files\Java\jdk1.8.0_91\lib\tools.jar
PATH=C:\Windows\system32;C:\Windows;C:\Windows\System32\Wbem;C:\Windows\System32\WindowsPowerShell\v1.0\;C:\Program Files\Java\jdk1.8.0_91\bin;C:\Program Files\Java\jdk1.8.0_91\jre\bin;E:\soft\Ice-3.6.1\bin;E:\Program Files\TortoiseSVN\bin;e:\Git\cmd;C:\Users\Administrator\AppData\Local\Programs\Fiddler
USERNAME=Administrator
OS=Windows_NT
PROCESSOR_IDENTIFIER=Intel64 Family 6 Model 60 Stepping 3, GenuineIntel



---------------  S Y S T E M  ---------------

OS: Windows 7 , 64 bit Build 7601 (6.1.7601.23864)

CPU:total 4 (4 cores per cpu, 1 threads per core) family 6 model 60 stepping 3, cmov, cx8, fxsr, mmx, sse, sse2, sse3, ssse3, sse4.1, sse4.2, popcnt, avx, avx2, aes, clmul, erms, lzcnt, tsc, tscinvbit, bmi1, bmi2

Memory: 4k page, physical 8256552k(1242484k free), swap 8254692k(4204k free)

vm_info: OpenJDK 64-Bit Server VM (25.112-b06) for windows-amd64 JRE (1.8.0_112-release-b06), built on Dec  8 2016 00:54:26 by "builder" with MS VC++ 10.0 (VS2010)

time: Tue Aug 15 16:32:52 2017
elapsed time: 0 seconds (0d 0h 0m 0s)

