#
# There is insufficient memory for the Java Runtime Environment to continue.
# Native memory allocation (malloc) failed to allocate 74976 bytes for Chunk::new
# Possible reasons:
#   The system is out of physical RAM or swap space
#   In 32 bit mode, the process size limit was hit
# Possible solutions:
#   Reduce memory load on the system
#   Increase physical memory or swap space
#   Check if swap backing store is full
#   Use 64 bit Java on a 64 bit OS
#   Decrease Java heap size (-Xmx/-Xms)
#   Decrease number of Java threads
#   Decrease Java thread stack sizes (-Xss)
#   Set larger code cache with -XX:ReservedCodeCacheSize=
# This output file may be truncated or incomplete.
#
#  Out of Memory Error (allocation.cpp:390), pid=7304, tid=0x0000000000001d48
#
# JRE version: OpenJDK Runtime Environment (8.0_112-b06) (build 1.8.0_112-release-b06)
# Java VM: OpenJDK 64-Bit Server VM (25.112-b06 mixed mode windows-amd64 compressed oops)
# Failed to write core dump. Minidumps are not enabled by default on client versions of Windows
#

---------------  T H R E A D  ---------------

Current thread (0x000000005539d800):  JavaThread "C2 CompilerThread0" daemon [_thread_in_native, id=7496, stack(0x0000000056e40000,0x0000000056f40000)]

Stack: [0x0000000056e40000,0x0000000056f40000]
[error occurred during error reporting (printing stack bounds), id 0xc0000005]

Native frames: (J=compiled Java code, j=interpreted, Vv=VM code, C=native code)


Current CompileTask:
C2:    702  690 %     4       com.android.dx.cf.code.LineNumberList::pcToLine @ 13 (73 bytes)


---------------  P R O C E S S  ---------------

Java Threads: ( => current thread )
  0x0000000056a5c800 JavaThread "pool-1-thread-4" [_thread_blocked, id=10636, stack(0x0000000057a20000,0x0000000057b20000)]
  0x000000005696e800 JavaThread "pool-1-thread-3" [_thread_in_vm, id=10336, stack(0x0000000057770000,0x0000000057870000)]
  0x0000000056969800 JavaThread "pool-1-thread-2" [_thread_blocked, id=1004, stack(0x0000000057880000,0x0000000057980000)]
  0x0000000056969000 JavaThread "pool-2-thread-1" [_thread_blocked, id=7748, stack(0x00000000575e0000,0x00000000576e0000)]
  0x000000005695f000 JavaThread "pool-1-thread-1" [_thread_blocked, id=9536, stack(0x0000000056d20000,0x0000000056e20000)]
  0x00000000567c1000 JavaThread "Service Thread" daemon [_thread_blocked, id=2516, stack(0x0000000057310000,0x0000000057410000)]
  0x00000000567bd000 JavaThread "C1 CompilerThread2" daemon [_thread_in_native, id=6276, stack(0x0000000057120000,0x0000000057220000)]
  0x00000000567bc000 JavaThread "C2 CompilerThread1" daemon [_thread_in_native, id=2988, stack(0x0000000056ff0000,0x00000000570f0000)]
=>0x000000005539d800 JavaThread "C2 CompilerThread0" daemon [_thread_in_native, id=7496, stack(0x0000000056e40000,0x0000000056f40000)]
  0x00000000567aa800 JavaThread "Attach Listener" daemon [_thread_blocked, id=9684, stack(0x0000000056bf0000,0x0000000056cf0000)]
  0x000000005538d800 JavaThread "Signal Dispatcher" daemon [_thread_blocked, id=10468, stack(0x0000000056290000,0x0000000056390000)]
  0x0000000055377000 JavaThread "Finalizer" daemon [_thread_blocked, id=8052, stack(0x00000000566a0000,0x00000000567a0000)]
  0x0000000055330000 JavaThread "Reference Handler" daemon [_thread_blocked, id=6420, stack(0x0000000056550000,0x0000000056650000)]
  0x000000000269e800 JavaThread "main" [_thread_blocked, id=4520, stack(0x0000000002870000,0x0000000002970000)]

Other Threads:
  0x0000000055328800 VMThread [stack: 0x0000000056440000,0x0000000056540000] [id=6932]
  0x00000000567c5800 WatcherThread [stack: 0x0000000057440000,0x0000000057540000] [id=9096]

VM state:synchronizing (normal execution)

VM Mutex/Monitor currently owned by a thread:  ([mutex/lock_event])
[0x000000000269bfb0] Threads_lock - owner thread: 0x0000000055328800
[0x000000000269c4b0] Heap_lock - owner thread: 0x000000000269e800
[0x000000000269ca30] MethodData_lock - owner thread: 0x000000000269e800

Heap:
 PSYoungGen      total 37888K, used 17049K [0x00000000eab00000, 0x00000000ed500000, 0x0000000100000000)
  eden space 32768K, 52% used [0x00000000eab00000,0x00000000ebba6728,0x00000000ecb00000)
  from space 5120K, 0% used [0x00000000ed000000,0x00000000ed000000,0x00000000ed500000)
  to   space 5120K, 0% used [0x00000000ecb00000,0x00000000ecb00000,0x00000000ed000000)
 ParOldGen       total 86016K, used 0K [0x00000000c0000000, 0x00000000c5400000, 0x00000000eab00000)
  object space 86016K, 0% used [0x00000000c0000000,0x00000000c0000000,0x00000000c5400000)
 Metaspace       used 5609K, capacity 6704K, committed 6784K, reserved 1058816K
  class space    used 562K, capacity 616K, committed 640K, reserved 1048576K

Card table byte_map: [0x0000000011d30000,0x0000000011f40000] byte_map_base: 0x0000000011730000

Marking Bits: (ParMarkBitMap*) 0x000000005a1d18f0
 Begin Bits: [0x00000000127a0000, 0x00000000137a0000)
 End Bits:   [0x00000000137a0000, 0x00000000147a0000)

Polling page: 0x0000000000130000

CodeCache: size=245760Kb used=2680Kb max_used=2691Kb free=243079Kb
 bounds [0x0000000002970000, 0x0000000002c20000, 0x0000000011970000]
 total_blobs=929 nmethods=665 adapters=178
 compilation: enabled

Compilation events (10 events):
Event: 0.656 Thread 0x00000000567bd000  667       3       com.android.dx.cf.code.BaseMachine::storeResults (90 bytes)
Event: 0.656 Thread 0x00000000567bd000 nmethod 667 0x0000000002c0c4d0 code [0x0000000002c0c6c0, 0x0000000002c0d148]
Event: 0.656 Thread 0x00000000567bd000  665   !   3       com.android.dx.cf.code.RopperMachine::run (1550 bytes)
Event: 0.662 Thread 0x000000005539d800  684       4       com.android.dx.rop.code.BasicBlockList::get (9 bytes)
Event: 0.663 Thread 0x000000005539d800 nmethod 684 0x0000000002c0ef90 code [0x0000000002c0f0e0, 0x0000000002c0f198]
Event: 0.663 Thread 0x000000005539d800  683       4       java.util.AbstractCollection::<init> (5 bytes)
Event: 0.663 Thread 0x000000005539d800 nmethod 683 0x0000000002c0c210 code [0x0000000002c0c340, 0x0000000002c0c398]
Event: 0.663 Thread 0x000000005539d800  680       4       com.android.dx.ssa.NormalSsaInsn::getSources (8 bytes)
Event: 0.663 Thread 0x000000005539d800 nmethod 680 0x0000000002c0ed50 code [0x0000000002c0ee80, 0x0000000002c0eef8]
Event: 0.664 Thread 0x000000005539d800  690 %     4       com.android.dx.cf.code.LineNumberList::pcToLine @ 13 (73 bytes)

GC Heap History (0 events):
No events

Deoptimization events (5 events):
Event: 0.321 Thread 0x000000000269e800 Uncommon trap: reason=unstable_if action=reinterpret pc=0x0000000002aa63c4 method=java.lang.String.indexOf(II)I @ 49
Event: 0.630 Thread 0x000000000269e800 Uncommon trap: reason=class_check action=maybe_recompile pc=0x0000000002bde060 method=com.android.dx.ssa.NormalSsaInsn.accept(Lcom/android/dx/ssa/SsaInsn$Visitor;)V @ 9
Event: 0.630 Thread 0x000000000269e800 Uncommon trap: reason=class_check action=maybe_recompile pc=0x0000000002bde060 method=com.android.dx.ssa.NormalSsaInsn.accept(Lcom/android/dx/ssa/SsaInsn$Visitor;)V @ 9
Event: 0.630 Thread 0x000000000269e800 Uncommon trap: reason=class_check action=maybe_recompile pc=0x0000000002bde060 method=com.android.dx.ssa.NormalSsaInsn.accept(Lcom/android/dx/ssa/SsaInsn$Visitor;)V @ 9
Event: 0.630 Thread 0x000000000269e800 Uncommon trap: reason=class_check action=maybe_recompile pc=0x0000000002bde060 method=com.android.dx.ssa.NormalSsaInsn.accept(Lcom/android/dx/ssa/SsaInsn$Visitor;)V @ 9

Internal exceptions (2 events):
Event: 0.035 Thread 0x000000000269e800 Exception <a 'java/lang/NoSuchMethodError': Method sun.misc.Unsafe.defineClass(Ljava/lang/String;[BII)Ljava/lang/Class; name or signature does not match> (0x00000000eab07c78) thrown at [C:\src\android\AOSP-openjdk\external\jetbrains\jdk\hotspot\src\share\vsï†y†ú¡?
Event: 0.035 Thread 0x000000000269e800 Exception <a 'java/lang/NoSuchMethodError': Method sun.misc.Unsafe.prefetchRead(Ljava/lang/Object;J)V name or signature does not match> (0x00000000eab07f60) thrown at [C:\src\android\AOSP-openjdk\external\jetbrains\jdk\hotspot\src\share\vm\prims\jni.cpp, l

Events (10 events):
Event: 0.630 loading class java/util/HashMap$Values done
Event: 0.630 loading class java/util/HashMap$ValueIterator
Event: 0.630 loading class java/util/HashMap$ValueIterator done
Event: 0.641 Executing VM operation: ForceSafepoint
Event: 0.641 Executing VM operation: ForceSafepoint done
Event: 0.646 loading class java/util/ArrayList$1
Event: 0.646 loading class java/util/ArrayList$1 done
Event: 0.668 loading class com/android/dx/dex/file/MethodAnnotationStruct
Event: 0.668 loading class com/android/dx/dex/file/MethodAnnotationStruct done
Event: 0.687 Executing VM operation: CollectForMetadataAllocation


Dynamic libraries:
0x000000013fbe0000 - 0x000000013fc11000 	E:\AndroidTools\as\jre\bin\java.exe
0x0000000077110000 - 0x00000000772ba000 	C:\Windows\SYSTEM32\ntdll.dll
0x0000000076a40000 - 0x0000000076b5f000 	C:\Windows\system32\kernel32.dll
0x000007fefd770000 - 0x000007fefd7da000 	C:\Windows\system32\KERNELBASE.dll
0x000007feff0b0000 - 0x000007feff18b000 	C:\Windows\system32\ADVAPI32.dll
0x000007fefe920000 - 0x000007fefe9bf000 	C:\Windows\system32\msvcrt.dll
0x000007fefe900000 - 0x000007fefe91f000 	C:\Windows\SYSTEM32\sechost.dll
0x000007fefebd0000 - 0x000007fefecfd000 	C:\Windows\system32\RPCRT4.dll
0x0000000076b60000 - 0x0000000076c5a000 	C:\Windows\system32\USER32.dll
0x000007feff190000 - 0x000007feff1f7000 	C:\Windows\system32\GDI32.dll
0x000007fefe9c0000 - 0x000007fefe9ce000 	C:\Windows\system32\LPK.dll
0x000007fefefe0000 - 0x000007feff0ab000 	C:\Windows\system32\USP10.dll
0x000007fefc2e0000 - 0x000007fefc4d4000 	C:\Windows\WinSxS\amd64_microsoft.windows.common-controls_6595b64144ccf1df_6.0.7601.18837_none_fa3b1e3d17594757\COMCTL32.dll
0x000007fefed70000 - 0x000007fefede1000 	C:\Windows\system32\SHLWAPI.dll
0x000007feff260000 - 0x000007feff28e000 	C:\Windows\system32\IMM32.DLL
0x000007feff290000 - 0x000007feff399000 	C:\Windows\system32\MSCTF.dll
0x0000000067380000 - 0x0000000067452000 	E:\AndroidTools\as\jre\jre\bin\msvcr100.dll
0x0000000059a10000 - 0x000000005a24c000 	E:\AndroidTools\as\jre\jre\bin\server\jvm.dll
0x000007fefaf60000 - 0x000007fefaf69000 	C:\Windows\system32\WSOCK32.dll
0x000007fefed00000 - 0x000007fefed4d000 	C:\Windows\system32\WS2_32.dll
0x000007fefefd0000 - 0x000007fefefd8000 	C:\Windows\system32\NSI.dll
0x000007fef88a0000 - 0x000007fef88db000 	C:\Windows\system32\WINMM.dll
0x000007fefc060000 - 0x000007fefc06c000 	C:\Windows\system32\VERSION.dll
0x00000000772e0000 - 0x00000000772e7000 	C:\Windows\system32\PSAPI.DLL
0x000007fefaf70000 - 0x000007fefaf7f000 	E:\AndroidTools\as\jre\jre\bin\verify.dll
0x000007fef9f80000 - 0x000007fef9fa9000 	E:\AndroidTools\as\jre\jre\bin\java.dll
0x000007fefaf30000 - 0x000007fefaf46000 	E:\AndroidTools\as\jre\jre\bin\zip.dll
0x000007fefd950000 - 0x000007fefe6db000 	C:\Windows\system32\SHELL32.dll
0x000007fefe9d0000 - 0x000007fefebcc000 	C:\Windows\system32\ole32.dll
0x000007fefd580000 - 0x000007fefd58f000 	C:\Windows\system32\profapi.dll

VM Arguments:
jvm_args: -Djava.awt.headless=true -Xmx1024M -Dfile.encoding=GBK -Duser.country=CN -Duser.language=zh -Duser.variant 
java_command: com.android.dx.command.Main --dex --num-threads=4 --output H:\github\small-video-record-master\small-video-record-master\HostTest\app\build\intermediates\pre-dexed\debug\com.android.support-support-vector-drawable-25.3.1_532d7abcc13684295d6d536d490e2f2830695ad9.jar H:\github\small-video-record-master\small-video-record-master\HostTest\app\build\intermediates\exploded-aar\com.android.support\support-vector-drawable\25.3.1\jars\classes.jar
java_class_path (initial): E:\Android\sdk\build-tools\25.0.2\lib\dx.jar
Launcher Type: SUN_STANDARD

Environment Variables:
JAVA_HOME=C:\Program Files\Java\jdk1.8.0_91
CLASSPATH= .;C:\Program Files\Java\jdk1.8.0_91\lib;C:\Program Files\Java\jdk1.8.0_91\lib\tools.jar
PATH=C:\Windows\system32;C:\Windows;C:\Windows\System32\Wbem;C:\Windows\System32\WindowsPowerShell\v1.0\;C:\Program Files\Java\jdk1.8.0_91\bin;C:\Program Files\Java\jdk1.8.0_91\jre\bin;E:\soft\Ice-3.6.1\bin;E:\Program Files\TortoiseSVN\bin;e:\Git\cmd;C:\Users\Administrator\AppData\Local\Programs\Fiddler
USERNAME=Administrator
OS=Windows_NT
PROCESSOR_IDENTIFIER=Intel64 Family 6 Model 60 Stepping 3, GenuineIntel



---------------  S Y S T E M  ---------------

OS: Windows 7 , 64 bit Build 7601 (6.1.7601.23864)

CPU:total 4 (4 cores per cpu, 1 threads per core) family 6 model 60 stepping 3, cmov, cx8, fxsr, mmx, sse, sse2, sse3, ssse3, sse4.1, sse4.2, popcnt, avx, avx2, aes, clmul, erms, lzcnt, tsc, tscinvbit, bmi1, bmi2

Memory: 4k page, physical 8256552k(881140k free), swap 8254692k(2548k free)

vm_info: OpenJDK 64-Bit Server VM (25.112-b06) for windows-amd64 JRE (1.8.0_112-release-b06), built on Dec  8 2016 00:54:26 by "builder" with MS VC++ 10.0 (VS2010)

time: Tue Aug 15 16:21:19 2017
elapsed time: 0 seconds (0d 0h 0m 0s)

