#
# There is insufficient memory for the Java Runtime Environment to continue.
# Native memory allocation (malloc) failed to allocate 188816 bytes for Chunk::new
# Possible reasons:
#   The system is out of physical RAM or swap space
#   In 32 bit mode, the process size limit was hit
# Possible solutions:
#   Reduce memory load on the system
#   Increase physical memory or swap space
#   Check if swap backing store is full
#   Use 64 bit Java on a 64 bit OS
#   Decrease Java heap size (-Xmx/-Xms)
#   Decrease number of Java threads
#   Decrease Java thread stack sizes (-Xss)
#   Set larger code cache with -XX:ReservedCodeCacheSize=
# This output file may be truncated or incomplete.
#
#  Out of Memory Error (allocation.cpp:390), pid=9252, tid=0x00000000000021c0
#
# JRE version: OpenJDK Runtime Environment (8.0_112-b06) (build 1.8.0_112-release-b06)
# Java VM: OpenJDK 64-Bit Server VM (25.112-b06 mixed mode windows-amd64 compressed oops)
# Failed to write core dump. Minidumps are not enabled by default on client versions of Windows
#

---------------  T H R E A D  ---------------

Current thread (0x000000005687b800):  JavaThread "C2 CompilerThread0" daemon [_thread_in_native, id=8640, stack(0x0000000056f40000,0x0000000057040000)]

Stack: [0x0000000056f40000,0x0000000057040000]
[error occurred during error reporting (printing stack bounds), id 0xc0000005]

Native frames: (J=compiled Java code, j=interpreted, Vv=VM code, C=native code)


Current CompileTask:
C2:    761  603   !   4       com.android.dx.cf.cst.ConstantPoolParser::parse0 (731 bytes)


---------------  P R O C E S S  ---------------

Java Threads: ( => current thread )
  0x00000000568ff000 JavaThread "Service Thread" daemon [_thread_blocked, id=2276, stack(0x0000000057450000,0x0000000057550000)]
  0x00000000568db000 JavaThread "C1 CompilerThread2" daemon [_thread_blocked, id=8852, stack(0x00000000572f0000,0x00000000573f0000)]
  0x0000000056892800 JavaThread "C2 CompilerThread1" daemon [_thread_blocked, id=9816, stack(0x0000000057100000,0x0000000057200000)]
=>0x000000005687b800 JavaThread "C2 CompilerThread0" daemon [_thread_in_native, id=8640, stack(0x0000000056f40000,0x0000000057040000)]
  0x0000000055471000 JavaThread "Attach Listener" daemon [_thread_blocked, id=8292, stack(0x0000000056e00000,0x0000000056f00000)]
  0x000000005547f800 JavaThread "Signal Dispatcher" daemon [_thread_blocked, id=6832, stack(0x0000000056c90000,0x0000000056d90000)]
  0x0000000055457000 JavaThread "Finalizer" daemon [_thread_blocked, id=10112, stack(0x0000000056770000,0x0000000056870000)]
  0x0000000055410000 JavaThread "Reference Handler" daemon [_thread_blocked, id=6264, stack(0x0000000056620000,0x0000000056720000)]
  0x00000000024ee000 JavaThread "main" [_thread_in_native, id=8696, stack(0x00000000027e0000,0x00000000028e0000)]

Other Threads:
  0x0000000055408800 VMThread [stack: 0x0000000056350000,0x0000000056450000] [id=4592]
  0x0000000056903000 WatcherThread [stack: 0x0000000056500000,0x0000000056600000] [id=3264]

VM state:not at safepoint (normal execution)

VM Mutex/Monitor currently owned by a thread: None

Heap:
 PSYoungGen      total 37888K, used 18375K [0x00000000eab00000, 0x00000000ed500000, 0x0000000100000000)
  eden space 32768K, 56% used [0x00000000eab00000,0x00000000ebcf1f78,0x00000000ecb00000)
  from space 5120K, 0% used [0x00000000ed000000,0x00000000ed000000,0x00000000ed500000)
  to   space 5120K, 0% used [0x00000000ecb00000,0x00000000ecb00000,0x00000000ed000000)
 ParOldGen       total 86016K, used 0K [0x00000000c0000000, 0x00000000c5400000, 0x00000000eab00000)
  object space 86016K, 0% used [0x00000000c0000000,0x00000000c0000000,0x00000000c5400000)
 Metaspace       used 6000K, capacity 6900K, committed 7040K, reserved 1056768K
  class space    used 617K, capacity 620K, committed 640K, reserved 1048576K

Card table byte_map: [0x0000000011ca0000,0x0000000011eb0000] byte_map_base: 0x00000000116a0000

Marking Bits: (ParMarkBitMap*) 0x000000005a1d18f0
 Begin Bits: [0x0000000012880000, 0x0000000013880000)
 End Bits:   [0x0000000013880000, 0x0000000014880000)

Polling page: 0x0000000000340000

CodeCache: size=245760Kb used=2492Kb max_used=2492Kb free=243267Kb
 bounds [0x00000000028e0000, 0x0000000002b60000, 0x00000000118e0000]
 total_blobs=887 nmethods=614 adapters=186
 compilation: disabled (not enough contiguous free space left)

Compilation events (10 events):
Event: 0.460 Thread 0x00000000568db000 nmethod 610 0x0000000002b4e0d0 code [0x0000000002b4e240, 0x0000000002b4e3a8]
Event: 0.460 Thread 0x00000000568db000  612       3       java.lang.String::toString (2 bytes)
Event: 0.460 Thread 0x00000000568db000 nmethod 612 0x0000000002b4ddd0 code [0x0000000002b4df20, 0x0000000002b4e070]
Event: 0.460 Thread 0x00000000568db000  613       3       com.android.dx.ssa.SsaConverter::nodeNeedsUniquePredecessor (32 bytes)
Event: 0.461 Thread 0x00000000568db000 nmethod 613 0x0000000002b4d250 code [0x0000000002b4d400, 0x0000000002b4da38]
Event: 0.461 Thread 0x00000000568db000  618       3       com.android.dx.ssa.SCCP::addBlockToWorklist (47 bytes)
Event: 0.461 Thread 0x00000000568db000 nmethod 618 0x0000000002b4bdd0 code [0x0000000002b4c000, 0x0000000002b4cbf8]
Event: 0.461 Thread 0x00000000568db000  616       3       com.android.dx.ssa.SsaRenamer$BlockRenamer::processResultReg (56 bytes)
Event: 0.462 Thread 0x00000000568db000 nmethod 616 0x0000000002b4ef10 code [0x0000000002b4f0e0, 0x0000000002b4f998]
Event: 0.462 Thread 0x00000000568db000  617       3       com.android.dx.ssa.MoveParamCombiner$1::visitNonMoveInsn (213 bytes)

GC Heap History (0 events):
No events

Deoptimization events (10 events):
Event: 0.282 Thread 0x0000000056a48800 Uncommon trap: reason=speculate_class_check action=maybe_recompile pc=0x0000000002a6dcd4 method=com.android.dx.rop.cst.Constant.compareTo(Lcom/android/dx/rop/cst/Constant;)I @ 29
Event: 0.282 Thread 0x0000000056a48800 Uncommon trap: reason=class_check action=maybe_recompile pc=0x0000000002a6f564 method=com.android.dx.rop.cst.CstMemberRef.compareTo0(Lcom/android/dx/rop/cst/Constant;)I @ 1
Event: 0.282 Thread 0x0000000056a48800 Uncommon trap: reason=speculate_class_check action=maybe_recompile pc=0x0000000002a6dcd4 method=com.android.dx.rop.cst.Constant.compareTo(Lcom/android/dx/rop/cst/Constant;)I @ 29
Event: 0.282 Thread 0x0000000056a48800 Uncommon trap: reason=class_check action=maybe_recompile pc=0x0000000002a6f564 method=com.android.dx.rop.cst.CstMemberRef.compareTo0(Lcom/android/dx/rop/cst/Constant;)I @ 1
Event: 0.282 Thread 0x0000000056a4a800 Uncommon trap: reason=speculate_class_check action=maybe_recompile pc=0x0000000002a6dcd4 method=com.android.dx.rop.cst.Constant.compareTo(Lcom/android/dx/rop/cst/Constant;)I @ 29
Event: 0.282 Thread 0x0000000056a4a800 Uncommon trap: reason=class_check action=maybe_recompile pc=0x0000000002a6f564 method=com.android.dx.rop.cst.CstMemberRef.compareTo0(Lcom/android/dx/rop/cst/Constant;)I @ 1
Event: 0.345 Thread 0x00000000024ee000 Uncommon trap: reason=unstable_if action=reinterpret pc=0x0000000002ab2d04 method=com.android.dx.rop.cst.CstFieldRef.compareTo0(Lcom/android/dx/rop/cst/Constant;)I @ 7
Event: 0.345 Thread 0x00000000024ee000 Uncommon trap: reason=unstable_if action=reinterpret pc=0x0000000002a719e8 method=com.android.dx.rop.cst.CstFieldRef.compareTo0(Lcom/android/dx/rop/cst/Constant;)I @ 7
Event: 0.362 Thread 0x00000000024ee000 Uncommon trap: reason=unstable_if action=reinterpret pc=0x0000000002aa7a30 method=java.lang.String.replace(CC)Ljava/lang/String; @ 26
Event: 0.464 Thread 0x00000000024ee000 Uncommon trap: reason=unstable_if action=reinterpret pc=0x0000000002a5fc80 method=java.lang.String.<init>([CII)V @ 18

Internal exceptions (2 events):
Event: 0.029 Thread 0x00000000024ee000 Exception <a 'java/lang/NoSuchMethodError': Method sun.misc.Unsafe.defineClass(Ljava/lang/String;[BII)Ljava/lang/Class; name or signature does not match> (0x00000000eab07c78) thrown at [C:\src\android\AOSP-openjdk\external\jetbrains\jdk\hotspot\src\share\vy"“"ÿÖù?
Event: 0.029 Thread 0x00000000024ee000 Exception <a 'java/lang/NoSuchMethodError': Method sun.misc.Unsafe.prefetchRead(Ljava/lang/Object;J)V name or signature does not match> (0x00000000eab07f60) thrown at [C:\src\android\AOSP-openjdk\external\jetbrains\jdk\hotspot\src\share\vm\prims\jni.cpp, l

Events (10 events):
Event: 0.345 Thread 0x00000000024ee000 DEOPT UNPACKING pc=0x000000000292556a sp=0x00000000028ddf78 mode 2
Event: 0.345 Thread 0x00000000024ee000 Uncommon trap: trap_request=0xffffff65 fr.pc=0x0000000002a719e8
Event: 0.345 Thread 0x00000000024ee000 DEOPT PACKING pc=0x0000000002a719e8 sp=0x00000000028ddfb0
Event: 0.345 Thread 0x00000000024ee000 DEOPT UNPACKING pc=0x000000000292556a sp=0x00000000028ddf38 mode 2
Event: 0.362 Thread 0x00000000024ee000 Uncommon trap: trap_request=0xffffff65 fr.pc=0x0000000002aa7a30
Event: 0.362 Thread 0x00000000024ee000 DEOPT PACKING pc=0x0000000002aa7a30 sp=0x00000000028dea70
Event: 0.362 Thread 0x00000000024ee000 DEOPT UNPACKING pc=0x000000000292556a sp=0x00000000028de9f8 mode 2
Event: 0.464 Thread 0x00000000024ee000 Uncommon trap: trap_request=0xffffff65 fr.pc=0x0000000002a5fc80
Event: 0.464 Thread 0x00000000024ee000 DEOPT PACKING pc=0x0000000002a5fc80 sp=0x00000000028de0a0
Event: 0.464 Thread 0x00000000024ee000 DEOPT UNPACKING pc=0x000000000292556a sp=0x00000000028ddfd0 mode 2


Dynamic libraries:
0x000000013fbe0000 - 0x000000013fc11000 	E:\AndroidTools\as\jre\bin\java.exe
0x0000000077110000 - 0x00000000772ba000 	C:\Windows\SYSTEM32\ntdll.dll
0x0000000076a40000 - 0x0000000076b5f000 	C:\Windows\system32\kernel32.dll
0x000007fefd770000 - 0x000007fefd7da000 	C:\Windows\system32\KERNELBASE.dll
0x000007feff0b0000 - 0x000007feff18b000 	C:\Windows\system32\ADVAPI32.dll
0x000007fefe920000 - 0x000007fefe9bf000 	C:\Windows\system32\msvcrt.dll
0x000007fefe900000 - 0x000007fefe91f000 	C:\Windows\SYSTEM32\sechost.dll
0x000007fefebd0000 - 0x000007fefecfd000 	C:\Windows\system32\RPCRT4.dll
0x0000000076b60000 - 0x0000000076c5a000 	C:\Windows\system32\USER32.dll
0x000007feff190000 - 0x000007feff1f7000 	C:\Windows\system32\GDI32.dll
0x000007fefe9c0000 - 0x000007fefe9ce000 	C:\Windows\system32\LPK.dll
0x000007fefefe0000 - 0x000007feff0ab000 	C:\Windows\system32\USP10.dll
0x000007fefc2e0000 - 0x000007fefc4d4000 	C:\Windows\WinSxS\amd64_microsoft.windows.common-controls_6595b64144ccf1df_6.0.7601.18837_none_fa3b1e3d17594757\COMCTL32.dll
0x000007fefed70000 - 0x000007fefede1000 	C:\Windows\system32\SHLWAPI.dll
0x000007feff260000 - 0x000007feff28e000 	C:\Windows\system32\IMM32.DLL
0x000007feff290000 - 0x000007feff399000 	C:\Windows\system32\MSCTF.dll
0x0000000067380000 - 0x0000000067452000 	E:\AndroidTools\as\jre\jre\bin\msvcr100.dll
0x0000000059a10000 - 0x000000005a24c000 	E:\AndroidTools\as\jre\jre\bin\server\jvm.dll
0x000007fefaf60000 - 0x000007fefaf69000 	C:\Windows\system32\WSOCK32.dll
0x000007fefed00000 - 0x000007fefed4d000 	C:\Windows\system32\WS2_32.dll
0x000007fefefd0000 - 0x000007fefefd8000 	C:\Windows\system32\NSI.dll
0x000007fef88a0000 - 0x000007fef88db000 	C:\Windows\system32\WINMM.dll
0x000007fefc060000 - 0x000007fefc06c000 	C:\Windows\system32\VERSION.dll
0x00000000772e0000 - 0x00000000772e7000 	C:\Windows\system32\PSAPI.DLL
0x000007fefaf70000 - 0x000007fefaf7f000 	E:\AndroidTools\as\jre\jre\bin\verify.dll
0x000007fef9f80000 - 0x000007fef9fa9000 	E:\AndroidTools\as\jre\jre\bin\java.dll
0x000007fefaf30000 - 0x000007fefaf46000 	E:\AndroidTools\as\jre\jre\bin\zip.dll
0x000007fefd950000 - 0x000007fefe6db000 	C:\Windows\system32\SHELL32.dll
0x000007fefe9d0000 - 0x000007fefebcc000 	C:\Windows\system32\ole32.dll
0x000007fefd580000 - 0x000007fefd58f000 	C:\Windows\system32\profapi.dll

VM Arguments:
jvm_args: -Djava.awt.headless=true -Xmx1024M -Dfile.encoding=GBK -Duser.country=CN -Duser.language=zh -Duser.variant 
java_command: com.android.dx.command.Main --dex --num-threads=4 --output H:\github\small-video-record-master\small-video-record-master\HostTest\app\build\intermediates\pre-dexed\debug\debug_4ebab4a780e7d62614343a2cb50c37dd1d98d304.jar H:\github\small-video-record-master\small-video-record-master\HostTest\app\build\intermediates\classes\debug
java_class_path (initial): E:\Android\sdk\build-tools\25.0.2\lib\dx.jar
Launcher Type: SUN_STANDARD

Environment Variables:
JAVA_HOME=C:\Program Files\Java\jdk1.8.0_91
CLASSPATH= .;C:\Program Files\Java\jdk1.8.0_91\lib;C:\Program Files\Java\jdk1.8.0_91\lib\tools.jar
PATH=C:\Windows\system32;C:\Windows;C:\Windows\System32\Wbem;C:\Windows\System32\WindowsPowerShell\v1.0\;C:\Program Files\Java\jdk1.8.0_91\bin;C:\Program Files\Java\jdk1.8.0_91\jre\bin;E:\soft\Ice-3.6.1\bin;E:\Program Files\TortoiseSVN\bin;e:\Git\cmd;C:\Users\Administrator\AppData\Local\Programs\Fiddler
USERNAME=Administrator
OS=Windows_NT
PROCESSOR_IDENTIFIER=Intel64 Family 6 Model 60 Stepping 3, GenuineIntel



---------------  S Y S T E M  ---------------

OS: Windows 7 , 64 bit Build 7601 (6.1.7601.23864)

CPU:total 4 (4 cores per cpu, 1 threads per core) family 6 model 60 stepping 3, cmov, cx8, fxsr, mmx, sse, sse2, sse3, ssse3, sse4.1, sse4.2, popcnt, avx, avx2, aes, clmul, erms, lzcnt, tsc, tscinvbit, bmi1, bmi2

Memory: 4k page, physical 8256552k(871080k free), swap 8254692k(25460k free)

vm_info: OpenJDK 64-Bit Server VM (25.112-b06) for windows-amd64 JRE (1.8.0_112-release-b06), built on Dec  8 2016 00:54:26 by "builder" with MS VC++ 10.0 (VS2010)

time: Tue Aug 15 16:21:21 2017
elapsed time: 0 seconds (0d 0h 0m 0s)

