#
# There is insufficient memory for the Java Runtime Environment to continue.
# Native memory allocation (malloc) failed to allocate 102096 bytes for Chunk::new
# Possible reasons:
#   The system is out of physical RAM or swap space
#   In 32 bit mode, the process size limit was hit
# Possible solutions:
#   Reduce memory load on the system
#   Increase physical memory or swap space
#   Check if swap backing store is full
#   Use 64 bit Java on a 64 bit OS
#   Decrease Java heap size (-Xmx/-Xms)
#   Decrease number of Java threads
#   Decrease Java thread stack sizes (-Xss)
#   Set larger code cache with -XX:ReservedCodeCacheSize=
# This output file may be truncated or incomplete.
#
#  Out of Memory Error (allocation.cpp:390), pid=7128, tid=0x0000000000000660
#
# JRE version: OpenJDK Runtime Environment (8.0_112-b06) (build 1.8.0_112-release-b06)
# Java VM: OpenJDK 64-Bit Server VM (25.112-b06 mixed mode windows-amd64 compressed oops)
# Failed to write core dump. Minidumps are not enabled by default on client versions of Windows
#

---------------  T H R E A D  ---------------

Current thread (0x000000005644c000):  JavaThread "C2 CompilerThread1" daemon [_thread_in_native, id=1632, stack(0x0000000056f40000,0x0000000057040000)]

Stack: [0x0000000056f40000,0x0000000057040000]
[error occurred during error reporting (printing stack bounds), id 0xc0000005]

Native frames: (J=compiled Java code, j=interpreted, Vv=VM code, C=native code)


Current CompileTask:
C2:   1096  593       4       java.util.HashMap::getNode (148 bytes)


---------------  P R O C E S S  ---------------

Java Threads: ( => current thread )
  0x000000005754d800 JavaThread "pool-1-thread-4" [_thread_in_vm, id=8908, stack(0x0000000057fc0000,0x00000000580c0000)]
  0x000000005757b800 JavaThread "pool-1-thread-3" [_thread_blocked, id=9992, stack(0x0000000058140000,0x0000000058240000)]
  0x000000005757c000 JavaThread "pool-1-thread-2" [_thread_blocked, id=1896, stack(0x0000000057e80000,0x0000000057f80000)]
  0x00000000567c8800 JavaThread "pool-2-thread-1" [_thread_blocked, id=6208, stack(0x0000000057d40000,0x0000000057e40000)]
  0x00000000567ce000 JavaThread "pool-1-thread-1" [_thread_blocked, id=4740, stack(0x0000000056a40000,0x0000000056b40000)]
  0x0000000056451000 JavaThread "Service Thread" daemon [_thread_blocked, id=9220, stack(0x0000000057230000,0x0000000057330000)]
  0x000000005644d000 JavaThread "C1 CompilerThread2" daemon [_thread_blocked, id=10352, stack(0x0000000057130000,0x0000000057230000)]
=>0x000000005644c000 JavaThread "C2 CompilerThread1" daemon [_thread_in_native, id=1632, stack(0x0000000056f40000,0x0000000057040000)]
  0x00000000551ad800 JavaThread "C2 CompilerThread0" daemon [_thread_blocked, id=5356, stack(0x0000000056d50000,0x0000000056e50000)]
  0x000000005643a800 JavaThread "Attach Listener" daemon [_thread_blocked, id=8492, stack(0x0000000056b60000,0x0000000056c60000)]
  0x000000005519d800 JavaThread "Signal Dispatcher" daemon [_thread_blocked, id=10052, stack(0x0000000056930000,0x0000000056a30000)]
  0x0000000055187000 JavaThread "Finalizer" daemon [_thread_blocked, id=9676, stack(0x0000000056330000,0x0000000056430000)]
  0x0000000055140000 JavaThread "Reference Handler" daemon [_thread_blocked, id=6008, stack(0x0000000056150000,0x0000000056250000)]
  0x00000000024ee800 JavaThread "main" [_thread_in_vm, id=2992, stack(0x00000000026f0000,0x00000000027f0000)]

Other Threads:
  0x0000000055138800 VMThread [stack: 0x0000000055fb0000,0x00000000560b0000] [id=9944]
  0x0000000056455800 WatcherThread [stack: 0x00000000573f0000,0x00000000574f0000] [id=9656]

VM state:not at safepoint (normal execution)

VM Mutex/Monitor currently owned by a thread: None

Heap:
 PSYoungGen      total 37888K, used 25573K [0x00000000eab00000, 0x00000000ed500000, 0x0000000100000000)
  eden space 32768K, 78% used [0x00000000eab00000,0x00000000ec3f9740,0x00000000ecb00000)
  from space 5120K, 0% used [0x00000000ed000000,0x00000000ed000000,0x00000000ed500000)
  to   space 5120K, 0% used [0x00000000ecb00000,0x00000000ecb00000,0x00000000ed000000)
 ParOldGen       total 86016K, used 0K [0x00000000c0000000, 0x00000000c5400000, 0x00000000eab00000)
  object space 86016K, 0% used [0x00000000c0000000,0x00000000c0000000,0x00000000c5400000)
 Metaspace       used 5364K, capacity 6512K, committed 6784K, reserved 1056768K
  class space    used 558K, capacity 616K, committed 640K, reserved 1048576K

Card table byte_map: [0x0000000011bb0000,0x0000000011dc0000] byte_map_base: 0x00000000115b0000

Marking Bits: (ParMarkBitMap*) 0x000000005a1d18f0
 Begin Bits: [0x00000000125b0000, 0x00000000135b0000)
 End Bits:   [0x00000000135b0000, 0x00000000145b0000)

Polling page: 0x0000000000240000

CodeCache: size=245760Kb used=2197Kb max_used=2209Kb free=243562Kb
 bounds [0x00000000027f0000, 0x0000000002a60000, 0x00000000117f0000]
 total_blobs=835 nmethods=571 adapters=178
 compilation: enabled

Compilation events (10 events):
Event: 1.085 Thread 0x000000005644d000  578       3       com.android.dx.rop.code.InsnList::set (7 bytes)
Event: 1.086 Thread 0x000000005644c000  585       4       java.lang.String::<init> (82 bytes)
Event: 1.088 Thread 0x000000005644c000 nmethod 585 0x0000000002a0ffd0 code [0x0000000002a10120, 0x0000000002a103f8]
Event: 1.088 Thread 0x000000005644c000  586       4       com.android.dx.util.ByteArray::getUnsignedShort (25 bytes)
Event: 1.089 Thread 0x000000005644c000 nmethod 586 0x0000000002a1a090 code [0x0000000002a1a1e0, 0x0000000002a1a318]
Event: 1.091 Thread 0x000000005644c000  591       4       com.android.dx.util.Bits::clear (21 bytes)
Event: 1.092 Thread 0x000000005644c000 nmethod 591 0x0000000002a18690 code [0x0000000002a187c0, 0x0000000002a18858]
Event: 1.092 Thread 0x000000005644c000  592   !   4       com.android.dx.util.FixedSizeList::set0 (22 bytes)
Event: 1.093 Thread 0x000000005644c000 nmethod 592 0x0000000002a13ed0 code [0x0000000002a14020, 0x0000000002a14118]
Event: 1.093 Thread 0x000000005644c000  593       4       java.util.HashMap::getNode (148 bytes)

GC Heap History (0 events):
No events

Deoptimization events (4 events):
Event: 0.863 Thread 0x00000000024ee800 Uncommon trap: reason=unstable_if action=reinterpret pc=0x0000000002937ecc method=java.util.regex.Pattern$BnM.match(Ljava/util/regex/Matcher;ILjava/lang/CharSequence;)Z @ 34
Event: 0.912 Thread 0x00000000024ee800 Uncommon trap: reason=unstable_if action=reinterpret pc=0x0000000002938c4c method=java.lang.String.indexOf(II)I @ 49
Event: 0.922 Thread 0x00000000567ce000 Uncommon trap: reason=unstable_if action=reinterpret pc=0x000000000293cbc4 method=java.lang.String.compareTo(Ljava/lang/String;)I @ 38
Event: 1.064 Thread 0x00000000567ce000 Uncommon trap: reason=unstable_if action=reinterpret pc=0x00000000029f7630 method=java.util.HashMap.getNode(ILjava/lang/Object;)Ljava/util/HashMap$Node; @ 62

Internal exceptions (2 events):
Event: 0.085 Thread 0x00000000024ee800 Exception <a 'java/lang/NoSuchMethodError': Method sun.misc.Unsafe.defineClass(Ljava/lang/String;[BII)Ljava/lang/Class; name or signature does not match> (0x00000000eab07c78) thrown at [C:\src\android\AOSP-openjdk\external\jetbrains\jdk\hotspot\src\share\v¯ÇAß»µ?
Event: 0.085 Thread 0x00000000024ee800 Exception <a 'java/lang/NoSuchMethodError': Method sun.misc.Unsafe.prefetchRead(Ljava/lang/Object;J)V name or signature does not match> (0x00000000eab07f60) thrown at [C:\src\android\AOSP-openjdk\external\jetbrains\jdk\hotspot\src\share\vm\prims\jni.cpp, l

Events (10 events):
Event: 1.064 Thread 0x00000000567ce000 DEOPT PACKING pc=0x00000000029f7630 sp=0x0000000056b3e9b0
Event: 1.064 Thread 0x00000000567ce000 DEOPT UNPACKING pc=0x000000000283556a sp=0x0000000056b3e928 mode 2
Event: 1.082 loading class com/android/dx/cf/code/BytecodeArray$ConstantParserVisitor
Event: 1.082 loading class com/android/dx/cf/code/BytecodeArray$ConstantParserVisitor done
Event: 1.086 loading class com/android/dx/cf/attrib/AttRuntimeInvisibleParameterAnnotations
Event: 1.086 loading class com/android/dx/cf/attrib/AttRuntimeInvisibleParameterAnnotations done
Event: 1.086 loading class com/android/dx/cf/attrib/BaseParameterAnnotations
Event: 1.086 loading class com/android/dx/cf/attrib/BaseParameterAnnotations done
Event: 1.086 loading class com/android/dx/cf/attrib/AttExceptions
Event: 1.086 loading class com/android/dx/cf/attrib/AttExceptions done


Dynamic libraries:
0x000000013fbe0000 - 0x000000013fc11000 	E:\AndroidTools\as\jre\bin\java.exe
0x0000000077110000 - 0x00000000772ba000 	C:\Windows\SYSTEM32\ntdll.dll
0x0000000076a40000 - 0x0000000076b5f000 	C:\Windows\system32\kernel32.dll
0x000007fefd770000 - 0x000007fefd7da000 	C:\Windows\system32\KERNELBASE.dll
0x000007feff0b0000 - 0x000007feff18b000 	C:\Windows\system32\ADVAPI32.dll
0x000007fefe920000 - 0x000007fefe9bf000 	C:\Windows\system32\msvcrt.dll
0x000007fefe900000 - 0x000007fefe91f000 	C:\Windows\SYSTEM32\sechost.dll
0x000007fefebd0000 - 0x000007fefecfd000 	C:\Windows\system32\RPCRT4.dll
0x0000000076b60000 - 0x0000000076c5a000 	C:\Windows\system32\USER32.dll
0x000007feff190000 - 0x000007feff1f7000 	C:\Windows\system32\GDI32.dll
0x000007fefe9c0000 - 0x000007fefe9ce000 	C:\Windows\system32\LPK.dll
0x000007fefefe0000 - 0x000007feff0ab000 	C:\Windows\system32\USP10.dll
0x000007fefc2e0000 - 0x000007fefc4d4000 	C:\Windows\WinSxS\amd64_microsoft.windows.common-controls_6595b64144ccf1df_6.0.7601.18837_none_fa3b1e3d17594757\COMCTL32.dll
0x000007fefed70000 - 0x000007fefede1000 	C:\Windows\system32\SHLWAPI.dll
0x000007feff260000 - 0x000007feff28e000 	C:\Windows\system32\IMM32.DLL
0x000007feff290000 - 0x000007feff399000 	C:\Windows\system32\MSCTF.dll
0x0000000067380000 - 0x0000000067452000 	E:\AndroidTools\as\jre\jre\bin\msvcr100.dll
0x0000000059a10000 - 0x000000005a24c000 	E:\AndroidTools\as\jre\jre\bin\server\jvm.dll
0x000007fefaf60000 - 0x000007fefaf69000 	C:\Windows\system32\WSOCK32.dll
0x000007fefed00000 - 0x000007fefed4d000 	C:\Windows\system32\WS2_32.dll
0x000007fefefd0000 - 0x000007fefefd8000 	C:\Windows\system32\NSI.dll
0x000007fef88a0000 - 0x000007fef88db000 	C:\Windows\system32\WINMM.dll
0x000007fefc060000 - 0x000007fefc06c000 	C:\Windows\system32\VERSION.dll
0x00000000772e0000 - 0x00000000772e7000 	C:\Windows\system32\PSAPI.DLL
0x000007fefaf70000 - 0x000007fefaf7f000 	E:\AndroidTools\as\jre\jre\bin\verify.dll
0x000007fef9f80000 - 0x000007fef9fa9000 	E:\AndroidTools\as\jre\jre\bin\java.dll
0x000007fefaf30000 - 0x000007fefaf46000 	E:\AndroidTools\as\jre\jre\bin\zip.dll
0x000007fefd950000 - 0x000007fefe6db000 	C:\Windows\system32\SHELL32.dll
0x000007fefe9d0000 - 0x000007fefebcc000 	C:\Windows\system32\ole32.dll
0x000007fefd580000 - 0x000007fefd58f000 	C:\Windows\system32\profapi.dll

VM Arguments:
jvm_args: -Djava.awt.headless=true -Xmx1024M -Dfile.encoding=GBK -Duser.country=CN -Duser.language=zh -Duser.variant 
java_command: com.android.dx.command.Main --dex --num-threads=4 --output H:\github\small-video-record-master\small-video-record-master\HostTest\app\build\intermediates\pre-dexed\debug\com.android.support-support-compat-25.3.1_896e5a0e4b3b2d554a12e1ac25997d2338d9224b.jar H:\github\small-video-record-master\small-video-record-master\HostTest\app\build\intermediates\exploded-aar\com.android.support\support-compat\25.3.1\jars\classes.jar
java_class_path (initial): E:\Android\sdk\build-tools\25.0.2\lib\dx.jar
Launcher Type: SUN_STANDARD

Environment Variables:
JAVA_HOME=C:\Program Files\Java\jdk1.8.0_91
CLASSPATH= .;C:\Program Files\Java\jdk1.8.0_91\lib;C:\Program Files\Java\jdk1.8.0_91\lib\tools.jar
PATH=C:\Windows\system32;C:\Windows;C:\Windows\System32\Wbem;C:\Windows\System32\WindowsPowerShell\v1.0\;C:\Program Files\Java\jdk1.8.0_91\bin;C:\Program Files\Java\jdk1.8.0_91\jre\bin;E:\soft\Ice-3.6.1\bin;E:\Program Files\TortoiseSVN\bin;e:\Git\cmd;C:\Users\Administrator\AppData\Local\Programs\Fiddler
USERNAME=Administrator
OS=Windows_NT
PROCESSOR_IDENTIFIER=Intel64 Family 6 Model 60 Stepping 3, GenuineIntel



---------------  S Y S T E M  ---------------

OS: Windows 7 , 64 bit Build 7601 (6.1.7601.23864)

CPU:total 4 (4 cores per cpu, 1 threads per core) family 6 model 60 stepping 3, cmov, cx8, fxsr, mmx, sse, sse2, sse3, ssse3, sse4.1, sse4.2, popcnt, avx, avx2, aes, clmul, erms, lzcnt, tsc, tscinvbit, bmi1, bmi2

Memory: 4k page, physical 8256552k(1243364k free), swap 8254692k(4164k free)

vm_info: OpenJDK 64-Bit Server VM (25.112-b06) for windows-amd64 JRE (1.8.0_112-release-b06), built on Dec  8 2016 00:54:26 by "builder" with MS VC++ 10.0 (VS2010)

time: Tue Aug 15 16:32:52 2017
elapsed time: 1 seconds (0d 0h 0m 1s)

